QuickFolders 5:23:1.879  [97 ms]	 
14 of 14 tabs rebuilt.
 ----------
QuickFolders 5:23:1.782  [1 ms]	 
updateFolders(rebuildCategories: false, minimal: true) - Number of Folders = 14
 ----------
QuickFolders 5:23:1.781  [560 ms]	 
Folder Update from Timer 34...
 ----------
QuickFolders 5:23:1.221  [0 ms]	 
Setting Update Timer (after timer 32 expired), new Timer: 34
 ----------
QuickFolders 5:23:1.221  [2834 ms]	 
Folder Tab Select Timer ID: 34
 ----------
QuickFolders 5:22:58.387  [103 ms]	 
14 of 14 tabs rebuilt.
 ----------
QuickFolders 5:22:58.284  [1 ms]	 
updateFolders(rebuildCategories: false, minimal: true) - Number of Folders = 14
 ----------
QuickFolders 5:22:58.283  [862 ms]	 
Folder Update from Timer 32...
 ----------
QuickFolders 5:22:57.421  [1 ms]	 
Setting Update Timer (after timer 31 expired), new Timer: 32
 ----------
QuickFolders 5:22:57.420  [738 ms]	 
Folder Tab Select Timer ID: 32
 ----------
QuickFolders 5:22:56.682  [99 ms]	 
14 of 14 tabs rebuilt.
 ----------
QuickFolders 5:22:56.583  [2 ms]	 
updateFolders(rebuildCategories: false, minimal: true) - Number of Folders = 14
 ----------
QuickFolders 5:22:56.581  [984 ms]	 
Folder Update from Timer 31...
 ----------
QuickFolders 5:22:55.597  [0 ms]	 
Setting Update Timer (after timer 30 expired), new Timer: 31
 ----------
QuickFolders 5:22:55.597  [923 ms]	 
Folder Tab Select Timer ID: 31
 ----------
QuickFolders 5:22:54.674  [119 ms]	 
14 of 14 tabs rebuilt.
 ----------
QuickFolders 5:22:54.555  [1 ms]	 
updateFolders(rebuildCategories: false, minimal: true) - Number of Folders = 14
 ----------
QuickFolders 5:22:54.554  [632 ms]	 
Folder Update from Timer 30...
 ----------
QuickFolders 5:22:53.922  [0 ms]	 
Setting Update Timer (after timer 29 expired), new Timer: 30
 ----------
QuickFolders 5:22:53.922  [3262 ms]	 
Folder Tab Select Timer ID: 30
 ----------
QuickFolders 5:22:50.660  [133 ms]	 
14 of 14 tabs rebuilt.
 ----------
QuickFolders 5:22:50.527  [6 ms]	 
updateFolders(rebuildCategories: false, minimal: true) - Number of Folders = 14
 ----------
QuickFolders 5:22:50.521  [4444 ms]	 
Folder Update from Timer 29...
 ----------
QuickFolders 5:22:46.77  [0 ms]	 
Setting Update Timer (after timer 27 expired), new Timer: 29
 ----------
QuickFolders 5:22:46.77  [7695 ms]	 
Folder Tab Select Timer ID: 29
 ----------
QuickFolders 5:22:38.382  [132 ms]	 
14 of 14 tabs rebuilt.
 ----------
QuickFolders 5:22:38.250  [4 ms]	 
updateFolders(rebuildCategories: false, minimal: true) - Number of Folders = 14
 ----------
QuickFolders 5:22:38.246  [12751 ms]	 
Folder Update from Timer 27...
 ----------
QuickFolders 5:22:25.495  [1 ms]	 
Setting Update Timer (after timer 22 expired), new Timer: 27
 ----------
QuickFolders 5:22:25.494  [4210 ms]	 
Folder Tab Select Timer ID: 27
 ----------
QuickFolders 5:22:21.284  [112 ms]	 
14 of 14 tabs rebuilt.
 ----------
QuickFolders 5:22:21.172  [3 ms]	 
updateFolders(rebuildCategories: false, minimal: true) - Number of Folders = 14
 ----------
QuickFolders 5:22:21.169  [3397 ms]	 
Folder Update from Timer 22...
 ----------
QuickFolders 5:22:17.772  [0 ms]	 
Setting Update Timer (after timer 20 expired), new Timer: 22
 ----------
QuickFolders 5:22:17.772  [134 ms]	 
Folder Tab Select Timer ID: 22
 ----------
QuickFolders 5:22:17.638  [124 ms]	 
14 of 14 tabs rebuilt.
 ----------
QuickFolders 5:22:17.514  [4 ms]	 
updateFolders(rebuildCategories: false, minimal: true) - Number of Folders = 14
 ----------
QuickFolders 5:22:17.510  [2227 ms]	 
Folder Update from Timer 20...
 ----------
QuickFolders 5:22:15.283  [0 ms]	 
Setting Update Timer (after timer 14 expired), new Timer: 20
 ----------
QuickFolders 5:22:15.283  [6113 ms]	 
Folder Tab Select Timer ID: 20
 ----------
QuickFolders 5:22:9.170  [122 ms]	 
14 of 14 tabs rebuilt.
 ----------
QuickFolders 5:22:9.48  [4 ms]	 
updateFolders(rebuildCategories: false, minimal: true) - Number of Folders = 14
 ----------
QuickFolders 5:22:9.44  [3485 ms]	 
Folder Update from Timer 14...
 ----------
QuickFolders 5:22:5.559  [0 ms]	 
Setting Update Timer (after timer 10 expired), new Timer: 14
 ----------
QuickFolders 5:22:5.559  [4745 ms]	 
Folder Tab Select Timer ID: 14
 ----------
QuickFolders 5:22:0.814  [109 ms]	 
14 of 14 tabs rebuilt.
 ----------
QuickFolders 5:22:0.705  [1 ms]	 
updateFolders(rebuildCategories: false, minimal: true) - Number of Folders = 14
 ----------
QuickFolders 5:22:0.704  [5223 ms]	 
Folder Update from Timer 10...
 ----------
QuickFolders 5:21:55.481  [0 ms]	 
Setting Update Timer (after timer 3 expired), new Timer: 10
 ----------
QuickFolders 5:21:55.481  [1812 ms]	 
Folder Tab Select Timer ID: 10
 ----------
QuickFolders 5:21:53.669  [0 ms]	 
QF.init() ends.
 ----------
QuickFolders 5:21:53.669  [4 ms]	 
call initToolbarHiding.
 ----------
QuickFolders 5:21:53.665  [1 ms]	 
call displayNavigationToolbar.
 ----------
QuickFolders {CSS.DETAIL} 5:21:53.664  [0 ms]	 

theRule.style[k]=background-color
theRule.style[k].parentRule=[object CSSStyleRule]
theRule.style.getPropertyPriority=important
st.getPropertyValue(background-color):transparent
theRule.style.getPropertyValue=transparent
 ----------
QuickFolders {CSS.DETAIL} 5:21:53.664  [0 ms]	 

=============
Modify item: background-color
 ----------
QuickFolders {CSS.DETAIL} 5:21:53.664  [0 ms]	 
found relevant style: toolbar.quickfolders-flat searching rule background-color
 ----------
QuickFolders {CSS.DETAIL} 5:21:53.664  [8 ms]	 
found relevant style: toolbar.quickfolders-flat searching rule background-color
 ----------
QuickFolders {CSS.DETAIL} 5:21:53.656  [0 ms]	 
setElementStyle( toolbar.quickfolders-flat, background-color, transparent)
 ----------
QuickFolders {CSS.DETAIL} 5:21:53.656  [0 ms]	 

theRule.style[k]=background-color
theRule.style[k].parentRule=[object CSSStyleRule]
theRule.style.getPropertyPriority=important
st.getPropertyValue(background-color):transparent
theRule.style.getPropertyValue=transparent
 ----------
QuickFolders {CSS.DETAIL} 5:21:53.656  [0 ms]	 

=============
Modify item: background-color
 ----------
QuickFolders {CSS.DETAIL} 5:21:53.656  [8 ms]	 
found relevant style: .toolbar searching rule background-color
 ----------
QuickFolders {CSS.DETAIL} 5:21:53.648  [0 ms]	 
setElementStyle( .toolbar, background-color, transparent)
 ----------
QuickFolders {CSS.DETAIL} 5:21:53.648  [0 ms]	 

theRule.style[k]=color
theRule.style[k].parentRule=[object CSSStyleRule]
theRule.style.getPropertyPriority=important
st.getPropertyValue(color):rgb(0, 0, 0)
theRule.style.getPropertyValue=rgb(0, 0, 0)
 ----------
QuickFolders {CSS.DETAIL} 5:21:53.648  [0 ms]	 

=============
Modify item: color
 ----------
QuickFolders {CSS.DETAIL} 5:21:53.648  [8 ms]	 
found relevant style: .quickfolders-flat toolbarbutton:-moz-drag-over > label searching rule color
 ----------
QuickFolders {CSS.DETAIL} 5:21:53.640  [0 ms]	 
setElementStyle( .quickfolders-flat toolbarbutton:-moz-drag-over > label, color, #000000)
 ----------
QuickFolders {CSS.DETAIL} 5:21:53.640  [1 ms]	 

theRule.style[k]=background-image
theRule.style[k].parentRule=[object CSSStyleRule]
theRule.style.getPropertyPriority=important
st.getPropertyValue(background-image):none
theRule.style.getPropertyValue=none
 ----------
QuickFolders {CSS.DETAIL} 5:21:53.639  [0 ms]	 

=============
Modify item: background-image
 ----------
QuickFolders {CSS.DETAIL} 5:21:53.639  [5 ms]	 
found relevant style: .quickfolders-flat toolbarbutton:-moz-drag-over searching rule background-image
 ----------
QuickFolders {CSS.DETAIL} 5:21:53.634  [0 ms]	 
setElementStyle( .quickfolders-flat toolbarbutton:-moz-drag-over, background-image, none)
 ----------
QuickFolders {CSS.DETAIL} 5:21:53.634  [0 ms]	 

theRule.style[k]=background-color
theRule.style[k].parentRule=[object CSSStyleRule]
theRule.style.getPropertyPriority=important
st.getPropertyValue(background-color):rgb(255, 255, 102)
theRule.style.getPropertyValue=rgb(255, 255, 102)
 ----------
QuickFolders {CSS.DETAIL} 5:21:53.634  [0 ms]	 

=============
Modify item: background-color
 ----------
QuickFolders {CSS.DETAIL} 5:21:53.634  [3 ms]	 
found relevant style: .quickfolders-flat toolbarbutton:-moz-drag-over searching rule background-color
 ----------
QuickFolders {CSS.DETAIL} 5:21:53.631  [5 ms]	 
found relevant style: .quickfolders-flat toolbarbutton:-moz-drag-over searching rule background-color
 ----------
QuickFolders {CSS.DETAIL} 5:21:53.626  [9 ms]	 
setElementStyle( .quickfolders-flat toolbarbutton:-moz-drag-over, background-color, #FFFF66)
 ----------
QuickFolders {CSS.DETAIL} 5:21:53.617  [0 ms]	 
setElementStyle( .quickfolders-flat toolbarbutton:not(#QuickFolders-CurrentFolder):hover, background-color, #FF0000)
 ----------
QuickFolders {CSS.DETAIL} 5:21:53.617  [0 ms]	 

theRule.style[k]=color
theRule.style[k].parentRule=[object CSSStyleRule]
theRule.style.getPropertyPriority=important
st.getPropertyValue(color):rgb(0, 0, 0)
theRule.style.getPropertyValue=rgb(0, 0, 0)
 ----------
QuickFolders {CSS.DETAIL} 5:21:53.617  [0 ms]	 

=============
Modify item: color
 ----------
QuickFolders {CSS.DETAIL} 5:21:53.617  [8 ms]	 
found relevant style: .quickfolders-flat toolbarbutton.col0[buttonover="true"] > label searching rule color
 ----------
QuickFolders {CSS.DETAIL} 5:21:53.609  [9 ms]	 
setElementStyle( .quickfolders-flat toolbarbutton.col0[buttonover="true"] > label, color, #000000)
 ----------
QuickFolders {CSS.DETAIL} 5:21:53.600  [0 ms]	 
setElementStyle( .quickfolders-flat toolbarbutton:not(#QuickFolders-CurrentFolder):hover > label, color, #000000)
 ----------
QuickFolders {CSS.DETAIL} 5:21:53.600  [0 ms]	 

theRule.style[k]=background-image
theRule.style[k].parentRule=[object CSSStyleRule]
theRule.style.getPropertyPriority=important
st.getPropertyValue(background-image):none
theRule.style.getPropertyValue=none
 ----------
QuickFolders {CSS.DETAIL} 5:21:53.600  [0 ms]	 

=============
Modify item: background-image
 ----------
QuickFolders {CSS.DETAIL} 5:21:53.600  [0 ms]	 
found relevant style: .quickfolders-flat toolbarbutton.col0:hover searching rule background-image
 ----------
QuickFolders {CSS.DETAIL} 5:21:53.600  [8 ms]	 
found relevant style: .quickfolders-flat toolbarbutton.col0:hover searching rule background-image
 ----------
QuickFolders {CSS.DETAIL} 5:21:53.592  [0 ms]	 
setElementStyle( .quickfolders-flat toolbarbutton.col0:hover, background-image, none)
 ----------
QuickFolders {CSS.DETAIL} 5:21:53.592  [0 ms]	 

theRule.style[k]=background-image
theRule.style[k].parentRule=[object CSSStyleRule]
theRule.style.getPropertyPriority=important
st.getPropertyValue(background-image):none
theRule.style.getPropertyValue=none
 ----------
QuickFolders {CSS.DETAIL} 5:21:53.592  [0 ms]	 

=============
Modify item: background-image
 ----------
QuickFolders {CSS.DETAIL} 5:21:53.592  [0 ms]	 
found relevant style: .quickfolders-flat toolbarbutton:hover searching rule background-image
 ----------
QuickFolders {CSS.DETAIL} 5:21:53.592  [8 ms]	 
found relevant style: .quickfolders-flat toolbarbutton:hover searching rule background-image
 ----------
QuickFolders {CSS.DETAIL} 5:21:53.584  [0 ms]	 
setElementStyle( .quickfolders-flat toolbarbutton:hover, background-image, none)
 ----------
QuickFolders {CSS.DETAIL} 5:21:53.584  [0 ms]	 

theRule.style[k]=background-color
theRule.style[k].parentRule=[object CSSStyleRule]
theRule.style.getPropertyPriority=important
st.getPropertyValue(background-color):rgb(255, 0, 0)
theRule.style.getPropertyValue=rgb(255, 0, 0)
 ----------
QuickFolders {CSS.DETAIL} 5:21:53.584  [0 ms]	 

=============
Modify item: background-color
 ----------
QuickFolders {CSS.DETAIL} 5:21:53.584  [8 ms]	 
found relevant style: .quickfolders-flat toolbarbutton.col0:hover searching rule background-color
 ----------
QuickFolders {CSS.DETAIL} 5:21:53.576  [0 ms]	 
setElementStyle( .quickfolders-flat toolbarbutton.col0:hover, background-color, #FF0000)
 ----------
QuickFolders {CSS.DETAIL} 5:21:53.576  [0 ms]	 

theRule.style[k]=background-color
theRule.style[k].parentRule=[object CSSStyleRule]
theRule.style.getPropertyPriority=important
st.getPropertyValue(background-color):rgb(255, 0, 0)
theRule.style.getPropertyValue=rgb(255, 0, 0)
 ----------
QuickFolders {CSS.DETAIL} 5:21:53.576  [1 ms]	 

=============
Modify item: background-color
 ----------
QuickFolders {CSS.DETAIL} 5:21:53.575  [7 ms]	 
found relevant style: .quickfolders-flat toolbarbutton:hover searching rule background-color
 ----------
QuickFolders {CSS.DETAIL} 5:21:53.568  [9 ms]	 
setElementStyle( .quickfolders-flat toolbarbutton:hover, background-color, #FF0000)
 ----------
QuickFolders {CSS.DETAIL} 5:21:53.559  [8 ms]	 
setElementStyle( .quickfolders-flat toolbarbutton:not(#QuickFolders-CurrentFolder) > label, color, null)
 ----------
QuickFolders {CSS.DETAIL} 5:21:53.551  [0 ms]	 
setElementStyle( .quickfolders-flat toolbarbutton:not(#QuickFolders-CurrentFolder).col0 > label, color, #FFFFFF)
 ----------
QuickFolders {CSS.DETAIL} 5:21:53.551  [0 ms]	 

theRule.style[k]=background-image
theRule.style[k].parentRule=[object CSSStyleRule]
theRule.style.getPropertyPriority=
st.getPropertyValue(background-image):none
theRule.style.getPropertyValue=none
 ----------
QuickFolders {CSS.DETAIL} 5:21:53.551  [0 ms]	 

=============
Modify item: background-image
 ----------
QuickFolders {CSS.DETAIL} 5:21:53.551  [7 ms]	 
found relevant style: .quickfolders-flat toolbarbutton.col0:not(:-moz-drag-over) searching rule background-image
 ----------
QuickFolders {CSS.DETAIL} 5:21:53.544  [1 ms]	 
setElementStyle( .quickfolders-flat toolbarbutton.col0:not(:-moz-drag-over), background-image, none)
 ----------
QuickFolders {CSS.DETAIL} 5:21:53.543  [0 ms]	 

theRule.style[k]=background-color
theRule.style[k].parentRule=[object CSSStyleRule]
theRule.style.getPropertyPriority=important
st.getPropertyValue(background-color):rgba(192, 192, 192, 0.25)
theRule.style.getPropertyValue=rgba(192, 192, 192, 0.25)
 ----------
QuickFolders {CSS.DETAIL} 5:21:53.543  [0 ms]	 

=============
Modify item: background-color
 ----------
QuickFolders {CSS.DETAIL} 5:21:53.543  [7 ms]	 
found relevant style: .quickfolders-flat toolbarbutton#QuickFolders-CurrentFolder searching rule background-color
 ----------
QuickFolders {CSS.DETAIL} 5:21:53.536  [1 ms]	 
setElementStyle( .quickfolders-flat toolbarbutton#QuickFolders-CurrentFolder, background-color, rgba(192,192,192,0.25))
 ----------
QuickFolders {CSS.DETAIL} 5:21:53.535  [0 ms]	 

theRule.style[k]=background-color
theRule.style[k].parentRule=[object CSSStyleRule]
theRule.style.getPropertyPriority=important
st.getPropertyValue(background-color):rgba(192, 192, 192, 0.25)
theRule.style.getPropertyValue=rgba(192, 192, 192, 0.25)
 ----------
QuickFolders {CSS.DETAIL} 5:21:53.535  [0 ms]	 

=============
Modify item: background-color
 ----------
QuickFolders {CSS.DETAIL} 5:21:53.535  [0 ms]	 
found relevant style: .quickfolders-flat toolbarbutton searching rule background-color
 ----------
QuickFolders {CSS.DETAIL} 5:21:53.535  [0 ms]	 
found relevant style: .quickfolders-flat toolbarbutton searching rule background-color
 ----------
QuickFolders {CSS.DETAIL} 5:21:53.535  [0 ms]	 
found relevant style: .quickfolders-flat toolbarbutton searching rule background-color
 ----------
QuickFolders {CSS.DETAIL} 5:21:53.535  [0 ms]	 
found relevant style: .quickfolders-flat toolbarbutton searching rule background-color
 ----------
QuickFolders {CSS.DETAIL} 5:21:53.535  [7 ms]	 
found relevant style: .quickfolders-flat toolbarbutton searching rule background-color
 ----------
QuickFolders {CSS.DETAIL} 5:21:53.528  [1 ms]	 
setElementStyle( .quickfolders-flat toolbarbutton, background-color, rgba(192,192,192,0.25))
 ----------
QuickFolders {CSS.DETAIL} 5:21:53.527  [0 ms]	 

theRule.style[k]=color
theRule.style[k].parentRule=[object CSSStyleRule]
theRule.style.getPropertyPriority=important
st.getPropertyValue(color):rgb(0, 0, 0)
theRule.style.getPropertyValue=rgb(0, 0, 0)
 ----------
QuickFolders {CSS.DETAIL} 5:21:53.527  [0 ms]	 

=============
Modify item: color
 ----------
QuickFolders {CSS.DETAIL} 5:21:53.527  [8 ms]	 
found relevant style: .quickfolders-flat .selected-folder > label searching rule color
 ----------
QuickFolders {CSS.DETAIL} 5:21:53.519  [0 ms]	 
setElementStyle( .quickfolders-flat .selected-folder > label, color, #000000)
 ----------
QuickFolders {CSS.DETAIL} 5:21:53.519  [0 ms]	 

theRule.style[k]=background-image
theRule.style[k].parentRule=[object CSSStyleRule]
theRule.style.getPropertyPriority=important
st.getPropertyValue(background-image):linear-gradient(to bottom, rgb(37, 245, 231) 0%, rgb(9, 205, 188) 15%, rgb(2, 136, 125) 51%, rgb(5, 108, 117) 100%)
theRule.style.getPropertyValue=linear-gradient(to bottom, rgb(37, 245, 231) 0%, rgb(9, 205, 188) 15%, rgb(2, 136, 125) 51%, rgb(5, 108, 117) 100%)
 ----------
QuickFolders {CSS.DETAIL} 5:21:53.519  [0 ms]	 

=============
Modify item: background-image
 ----------
QuickFolders {CSS.DETAIL} 5:21:53.519  [7 ms]	 
found relevant style: .quickfolders-flat .selected-folder searching rule background-image
 ----------
QuickFolders {CSS.DETAIL} 5:21:53.512  [0 ms]	 
setElementStyle( .quickfolders-flat .selected-folder, background-image, linear-gradient(to bottom, rgb(37, 245, 231) 0%, rgb(9, 205, 188) 15%, rgb(2, 136, 125) 51%, rgb(5, 108, 117) 100%))
 ----------
QuickFolders {CSS.DETAIL} 5:21:53.512  [1 ms]	 
attribute Found:
background-image : linear-gradient(to bottom, rgb(37, 245, 231) 0%, rgb(9, 205, 188) 15%, rgb(2, 136, 125) 51%, rgb(5, 108, 117) 100%)
 ----------
QuickFolders {CSS.DETAIL} 5:21:53.511  [1 ms]	 
found relevant style: #folderTree treechildren.col5::-moz-tree-cell-text, .quickfolders-pills .col5.selected-folder, .quickfolders-pills .col5:hover, .quickfolders-flat .col5, .quickfolders-flat .selected-folder.cActive5[selected], menuitem[tag="qfColor5"] searching rule background-image
 ----------
QuickFolders {CSS.DETAIL} 5:21:53.510  [0 ms]	 
getElementStyle( .quickfolders-flat .col5, background-image)
 ----------
QuickFolders {CSS.DETAIL} 5:21:53.510  [0 ms]	 

theRule.style[k]=border-bottom-color
theRule.style[k].parentRule=[object CSSStyleRule]
theRule.style.getPropertyPriority=important
st.getPropertyValue(border-bottom-color):rgb(102, 255, 255)
theRule.style.getPropertyValue=rgb(102, 255, 255)
 ----------
QuickFolders {CSS.DETAIL} 5:21:53.510  [0 ms]	 

=============
Modify item: border-bottom-color
 ----------
QuickFolders {CSS.DETAIL} 5:21:53.510  [8 ms]	 
found relevant style: toolbar.quickfolders-flat searching rule border-bottom-color
 ----------
QuickFolders {CSS.DETAIL} 5:21:53.502  [0 ms]	 
setElementStyle( toolbar.quickfolders-flat, border-bottom-color, #66FFFF)
 ----------
QuickFolders {CSS.DETAIL} 5:21:53.502  [0 ms]	 

theRule.style[k]=box-shadow
theRule.style[k].parentRule=[object CSSStyleRule]
theRule.style.getPropertyPriority=important
st.getPropertyValue(box-shadow):0px 0px 2px -1px rgba(0, 0, 0, 0.9)
theRule.style.getPropertyValue=0px 0px 2px -1px rgba(0, 0, 0, 0.9)
 ----------
QuickFolders {CSS.DETAIL} 5:21:53.502  [0 ms]	 

=============
Modify item: box-shadow
 ----------
QuickFolders {CSS.DETAIL} 5:21:53.502  [7 ms]	 
found relevant style: .quickfolders-flat .folderBarContainer toolbarbutton:hover searching rule box-shadow
 ----------
QuickFolders {CSS.DETAIL} 5:21:53.495  [0 ms]	 
setElementStyle( .quickfolders-flat .folderBarContainer toolbarbutton:hover, box-shadow, 0px 0px 2px -1px rgba(0,0,0,0.9))
 ----------
QuickFolders {CSS.DETAIL} 5:21:53.495  [1 ms]	 

theRule.style[k]=box-shadow
theRule.style[k].parentRule=[object CSSStyleRule]
theRule.style.getPropertyPriority=important
st.getPropertyValue(box-shadow):0px 0px 2px -1px rgba(0, 0, 0, 0.9)
theRule.style.getPropertyValue=0px 0px 2px -1px rgba(0, 0, 0, 0.9)
 ----------
QuickFolders {CSS.DETAIL} 5:21:53.494  [0 ms]	 

=============
Modify item: box-shadow
 ----------
QuickFolders {CSS.DETAIL} 5:21:53.494  [7 ms]	 
found relevant style: .quickfolders-flat .folderBarContainer toolbarbutton.selected-folder searching rule box-shadow
 ----------
QuickFolders {CSS.DETAIL} 5:21:53.487  [0 ms]	 
setElementStyle( .quickfolders-flat .folderBarContainer toolbarbutton.selected-folder, box-shadow, 0px 0px 2px -1px rgba(0,0,0,0.9))
 ----------
QuickFolders {CSS.DETAIL} 5:21:53.487  [0 ms]	 

theRule.style[k]=box-shadow
theRule.style[k].parentRule=[object CSSStyleRule]
theRule.style.getPropertyPriority=important
st.getPropertyValue(box-shadow):1px -1px 3px -1px rgba(0, 0, 0, 0.7)
theRule.style.getPropertyValue=1px -1px 3px -1px rgba(0, 0, 0, 0.7)
 ----------
QuickFolders {CSS.DETAIL} 5:21:53.487  [1 ms]	 

=============
Modify item: box-shadow
 ----------
QuickFolders {CSS.DETAIL} 5:21:53.486  [7 ms]	 
found relevant style: .quickfolders-flat .folderBarContainer toolbarbutton searching rule box-shadow
 ----------
QuickFolders {CSS.DETAIL} 5:21:53.479  [8 ms]	 
setElementStyle( .quickfolders-flat .folderBarContainer toolbarbutton, box-shadow, 1px -1px 3px -1px rgba(0,0,0,0.7))
 ----------
QuickFolders {CSS.DETAIL} 5:21:53.471  [1 ms]	 
setElementStyle( .quickfolders-flat toolbarbutton[background-image].selected-folder, border-bottom-color, #66FFFF)
 ----------
Warning: Unknown property '-moz-border-radius-bottomright'.  Declaration dropped.
Source file: chrome://quickfolders/content/quickfolders-seamonkey.css
 ----------
QuickFolders {CSS.DETAIL} 5:21:53.470  [0 ms]	 
found relevant style: .quickfolders-flat toolbarbutton searching rule -moz-border-radius-bottomright
 ----------
QuickFolders {CSS.DETAIL} 5:21:53.470  [0 ms]	 
found relevant style: .quickfolders-flat toolbarbutton searching rule -moz-border-radius-bottomright
 ----------
QuickFolders {CSS.DETAIL} 5:21:53.470  [0 ms]	 
found relevant style: .quickfolders-flat toolbarbutton searching rule -moz-border-radius-bottomright
 ----------
QuickFolders {CSS.DETAIL} 5:21:53.470  [1 ms]	 
found relevant style: .quickfolders-flat toolbarbutton searching rule -moz-border-radius-bottomright
 ----------
QuickFolders {CSS.DETAIL} 5:21:53.469  [0 ms]	 
found relevant style: .quickfolders-flat toolbarbutton searching rule -moz-border-radius-bottomright
 ----------
QuickFolders {CSS.DETAIL} 5:21:53.469  [0 ms]	 
found relevant style: .quickfolders-flat toolbarbutton searching rule -moz-border-radius-bottomright
 ----------
QuickFolders {CSS.DETAIL} 5:21:53.469  [0 ms]	 
found relevant style: .quickfolders-flat toolbarbutton searching rule -moz-border-radius-bottomright
 ----------
QuickFolders {CSS.DETAIL} 5:21:53.469  [7 ms]	 
found relevant style: .quickfolders-flat toolbarbutton searching rule -moz-border-radius-bottomright
 ----------
QuickFolders {CSS.DETAIL} 5:21:53.462  [0 ms]	 
setElementStyle( .quickfolders-flat toolbarbutton, -moz-border-radius-bottomright, 0px)
 ----------
Warning: Unknown property '-moz-border-radius-bottomleft'.  Declaration dropped.
Source file: chrome://quickfolders/content/quickfolders-seamonkey.css
 ----------
QuickFolders {CSS.DETAIL} 5:21:53.462  [1 ms]	 
found relevant style: .quickfolders-flat toolbarbutton searching rule -moz-border-radius-bottomleft
 ----------
QuickFolders {CSS.DETAIL} 5:21:53.461  [0 ms]	 
found relevant style: .quickfolders-flat toolbarbutton searching rule -moz-border-radius-bottomleft
 ----------
QuickFolders {CSS.DETAIL} 5:21:53.461  [0 ms]	 
found relevant style: .quickfolders-flat toolbarbutton searching rule -moz-border-radius-bottomleft
 ----------
QuickFolders {CSS.DETAIL} 5:21:53.461  [0 ms]	 
found relevant style: .quickfolders-flat toolbarbutton searching rule -moz-border-radius-bottomleft
 ----------
QuickFolders {CSS.DETAIL} 5:21:53.461  [1 ms]	 
found relevant style: .quickfolders-flat toolbarbutton searching rule -moz-border-radius-bottomleft
 ----------
QuickFolders {CSS.DETAIL} 5:21:53.460  [0 ms]	 
found relevant style: .quickfolders-flat toolbarbutton searching rule -moz-border-radius-bottomleft
 ----------
QuickFolders {CSS.DETAIL} 5:21:53.460  [7 ms]	 
found relevant style: .quickfolders-flat toolbarbutton searching rule -moz-border-radius-bottomleft
 ----------
QuickFolders {CSS.DETAIL} 5:21:53.453  [0 ms]	 
setElementStyle( .quickfolders-flat toolbarbutton, -moz-border-radius-bottomleft, 0px)
 ----------
Warning: Unknown property '-moz-border-radius-topright'.  Declaration dropped.
Source file: chrome://quickfolders/content/quickfolders-seamonkey.css
 ----------
QuickFolders {CSS.DETAIL} 5:21:53.453  [1 ms]	 
found relevant style: .quickfolders-flat toolbarbutton searching rule -moz-border-radius-topright
 ----------
QuickFolders {CSS.DETAIL} 5:21:53.452  [0 ms]	 
found relevant style: .quickfolders-flat toolbarbutton searching rule -moz-border-radius-topright
 ----------
QuickFolders {CSS.DETAIL} 5:21:53.452  [0 ms]	 
found relevant style: .quickfolders-flat toolbarbutton searching rule -moz-border-radius-topright
 ----------
QuickFolders {CSS.DETAIL} 5:21:53.452  [0 ms]	 
found relevant style: .quickfolders-flat toolbarbutton searching rule -moz-border-radius-topright
 ----------
QuickFolders {CSS.DETAIL} 5:21:53.452  [0 ms]	 
found relevant style: .quickfolders-flat toolbarbutton searching rule -moz-border-radius-topright
 ----------
QuickFolders {CSS.DETAIL} 5:21:53.452  [8 ms]	 
found relevant style: .quickfolders-flat toolbarbutton searching rule -moz-border-radius-topright
 ----------
QuickFolders {CSS.DETAIL} 5:21:53.444  [0 ms]	 
setElementStyle( .quickfolders-flat toolbarbutton, -moz-border-radius-topright, 4px)
 ----------
Warning: Unknown property '-moz-border-radius-topleft'.  Declaration dropped.
Source file: chrome://quickfolders/content/quickfolders-seamonkey.css
 ----------
QuickFolders {CSS.DETAIL} 5:21:53.444  [1 ms]	 
found relevant style: .quickfolders-flat toolbarbutton searching rule -moz-border-radius-topleft
 ----------
QuickFolders {CSS.DETAIL} 5:21:53.443  [0 ms]	 
found relevant style: .quickfolders-flat toolbarbutton searching rule -moz-border-radius-topleft
 ----------
QuickFolders {CSS.DETAIL} 5:21:53.443  [0 ms]	 
found relevant style: .quickfolders-flat toolbarbutton searching rule -moz-border-radius-topleft
 ----------
QuickFolders {CSS.DETAIL} 5:21:53.443  [0 ms]	 
found relevant style: .quickfolders-flat toolbarbutton searching rule -moz-border-radius-topleft
 ----------
QuickFolders {CSS.DETAIL} 5:21:53.443  [7 ms]	 
found relevant style: .quickfolders-flat toolbarbutton searching rule -moz-border-radius-topleft
 ----------
QuickFolders {CSS.DETAIL} 5:21:53.436  [9 ms]	 
setElementStyle( .quickfolders-flat toolbarbutton, -moz-border-radius-topleft, 4px)
 ----------
QuickFolders {CSS.DETAIL} 5:21:53.427  [1 ms]	 
setElementStyle( .quickfolders-flat toolbarbutton[background-image].selected-folder, border-bottom-color, #66FFFF)
 ----------
QuickFolders {CSS.DETAIL} 5:21:53.426  [0 ms]	 
found relevant style: .quickfolders-flat toolbarbutton searching rule -moz-transition-property
 ----------
QuickFolders {CSS.DETAIL} 5:21:53.426  [0 ms]	 
found relevant style: .quickfolders-flat toolbarbutton searching rule -moz-transition-property
 ----------
QuickFolders {CSS.DETAIL} 5:21:53.426  [0 ms]	 
found relevant style: .quickfolders-flat toolbarbutton searching rule -moz-transition-property
 ----------
QuickFolders {CSS.DETAIL} 5:21:53.426  [0 ms]	 
found relevant style: .quickfolders-flat toolbarbutton searching rule -moz-transition-property
 ----------
QuickFolders {CSS.DETAIL} 5:21:53.426  [8 ms]	 
found relevant style: .quickfolders-flat toolbarbutton searching rule -moz-transition-property
 ----------
QuickFolders {CSS.DETAIL} 5:21:53.418  [0 ms]	 
setElementStyle( .quickfolders-flat toolbarbutton, -moz-transition-property, null)
 ----------
QuickFolders {CSS.DETAIL} 5:21:53.418  [0 ms]	 
found relevant style: .quickfolders-flat toolbarbutton searching rule -moz-transition-duration
 ----------
QuickFolders {CSS.DETAIL} 5:21:53.418  [1 ms]	 
found relevant style: .quickfolders-flat toolbarbutton searching rule -moz-transition-duration
 ----------
QuickFolders {CSS.DETAIL} 5:21:53.417  [0 ms]	 
found relevant style: .quickfolders-flat toolbarbutton searching rule -moz-transition-duration
 ----------
QuickFolders {CSS.DETAIL} 5:21:53.417  [0 ms]	 
found relevant style: .quickfolders-flat toolbarbutton searching rule -moz-transition-duration
 ----------
QuickFolders {CSS.DETAIL} 5:21:53.417  [7 ms]	 
found relevant style: .quickfolders-flat toolbarbutton searching rule -moz-transition-duration
 ----------
QuickFolders {CSS.DETAIL} 5:21:53.410  [0 ms]	 
setElementStyle( .quickfolders-flat toolbarbutton, -moz-transition-duration, null)
 ----------
QuickFolders 5:21:53.410  [0 ms]	 
updateUserStyles() - missing style sheet 'chrome://quickfolders/content/qf_palette_legacy16.css' - not found = not attempting any style modifications.
 ----------
QuickFolders 5:21:53.410  [1 ms]	 
Can not find style sheet: chrome://quickfolders/content/qf_palette_legacy16.css -  in chrome://messenger/content/messenger.xul
win.doc.title=Junk - Local Folders - SeaMonkey
doc.documentURI=chrome://messenger/content/messenger.xul
 ----------
QuickFolders {CSS.STYLESHEETS} 5:21:53.409  [2 ms]	 
37 StyleSheets found:
0. chrome://messenger/skin/mailWindow1.css
1. chrome://messenger/skin/threadPane.css
2. chrome://messenger/skin/threadPaneExtras.css
3. chrome://messenger/skin/threadPaneLabels.css
4. chrome://messenger/skin/folderPane.css
5. chrome://messenger/skin/folderPaneExtras.css
6. chrome://messenger/skin/folderMenus.css
7. chrome://communicator/skin/tasksOverlay.css
8. chrome://charpick/content/style.css
9. chrome://messenger/skin/messageHeader.css
10. chrome://messenger/skin/messageKeywords.css
11. chrome://messenger/skin/smime/msgReadSMIMEOverlay.css
12. chrome://sqlitemanager/skin/smoverlay.css
13. chrome://inspectorwidget/skin/inspectorwidget_tb.css
14. chrome://quickmenu/skin/overlay.css
15. chrome://console2/skin/toolbar.css
16. chrome://console2/skin/toolbar.css
17. chrome://console2/content/seamonkey.css
18. chrome://dispmua/skin/dismua.css
19. chrome://replytolist/skin/replytolist.css
20. chrome://quickfolders/content/quickfolders-seamonkey.css [QuickFolderStyles]
21. chrome://quickfolders/skin/quickfolders-palettes.css [QuickFolderPalettes]
22. chrome://livehttpheaders/skin/livehttpheaders.css
23. chrome://venkman/skin/venkman-overlay.css
24. chrome://messenger/skin/smime/msgHdrViewSMIMEOverlay.css
25. chrome://mailinglistheader/skin/mailinglistheader.css
26. chrome://viewsourcewith/skin/viewsourcewith.css
27. chrome://chatzilla/skin/chatzillaOverlay.css
28. chrome://viewsourcewith/skin/viewsourcewith.css
29. chrome://launchy/skin/main.css
30. chrome://nightly/skin/browser.css
31. chrome://removedupes/skin/removedupes-button.css
32. chrome://removedupes/skin/removedupes-messenger.css
33. chrome://savedpasswordeditor/skin/overlay.css
34. chrome://savedpasswordeditor/skin/overlay-sm.css
35. chrome://elemhidehelper/skin/overlay.css
36. chrome://adblockplus/skin/overlay.css

 ----------
QuickFolders 5:21:53.407  [0 ms]	 
Can not find style sheet: chrome://quickfolders/content/qf_palette_legacy16.css -  in chrome://messenger/content/messenger.xul
win.doc.title=Junk - Local Folders - SeaMonkey
doc.documentURI=chrome://messenger/content/messenger.xul
 ----------
QuickFolders {CSS.STYLESHEETS} 5:21:53.407  [1 ms]	 
37 StyleSheets found:
0. chrome://messenger/skin/mailWindow1.css
1. chrome://messenger/skin/threadPane.css
2. chrome://messenger/skin/threadPaneExtras.css
3. chrome://messenger/skin/threadPaneLabels.css
4. chrome://messenger/skin/folderPane.css
5. chrome://messenger/skin/folderPaneExtras.css
6. chrome://messenger/skin/folderMenus.css
7. chrome://communicator/skin/tasksOverlay.css
8. chrome://charpick/content/style.css
9. chrome://messenger/skin/messageHeader.css
10. chrome://messenger/skin/messageKeywords.css
11. chrome://messenger/skin/smime/msgReadSMIMEOverlay.css
12. chrome://sqlitemanager/skin/smoverlay.css
13. chrome://inspectorwidget/skin/inspectorwidget_tb.css
14. chrome://quickmenu/skin/overlay.css
15. chrome://console2/skin/toolbar.css
16. chrome://console2/skin/toolbar.css
17. chrome://console2/content/seamonkey.css
18. chrome://dispmua/skin/dismua.css
19. chrome://replytolist/skin/replytolist.css
20. chrome://quickfolders/content/quickfolders-seamonkey.css [QuickFolderStyles]
21. chrome://quickfolders/skin/quickfolders-palettes.css [QuickFolderPalettes]
22. chrome://livehttpheaders/skin/livehttpheaders.css
23. chrome://venkman/skin/venkman-overlay.css
24. chrome://messenger/skin/smime/msgHdrViewSMIMEOverlay.css
25. chrome://mailinglistheader/skin/mailinglistheader.css
26. chrome://viewsourcewith/skin/viewsourcewith.css
27. chrome://chatzilla/skin/chatzillaOverlay.css
28. chrome://viewsourcewith/skin/viewsourcewith.css
29. chrome://launchy/skin/main.css
30. chrome://nightly/skin/browser.css
31. chrome://removedupes/skin/removedupes-button.css
32. chrome://removedupes/skin/removedupes-messenger.css
33. chrome://savedpasswordeditor/skin/overlay.css
34. chrome://savedpasswordeditor/skin/overlay-sm.css
35. chrome://elemhidehelper/skin/overlay.css
36. chrome://adblockplus/skin/overlay.css

 ----------
QuickFolders 5:21:53.406  [0 ms]	 
Can not find style sheet: chrome://quickfolders/content/qf_palette_legacy16.css -  in chrome://messenger/content/messenger.xul
win.doc.title=Junk - Local Folders - SeaMonkey
doc.documentURI=chrome://messenger/content/messenger.xul
 ----------
QuickFolders {CSS.STYLESHEETS} 5:21:53.406  [2 ms]	 
37 StyleSheets found:
0. chrome://messenger/skin/mailWindow1.css
1. chrome://messenger/skin/threadPane.css
2. chrome://messenger/skin/threadPaneExtras.css
3. chrome://messenger/skin/threadPaneLabels.css
4. chrome://messenger/skin/folderPane.css
5. chrome://messenger/skin/folderPaneExtras.css
6. chrome://messenger/skin/folderMenus.css
7. chrome://communicator/skin/tasksOverlay.css
8. chrome://charpick/content/style.css
9. chrome://messenger/skin/messageHeader.css
10. chrome://messenger/skin/messageKeywords.css
11. chrome://messenger/skin/smime/msgReadSMIMEOverlay.css
12. chrome://sqlitemanager/skin/smoverlay.css
13. chrome://inspectorwidget/skin/inspectorwidget_tb.css
14. chrome://quickmenu/skin/overlay.css
15. chrome://console2/skin/toolbar.css
16. chrome://console2/skin/toolbar.css
17. chrome://console2/content/seamonkey.css
18. chrome://dispmua/skin/dismua.css
19. chrome://replytolist/skin/replytolist.css
20. chrome://quickfolders/content/quickfolders-seamonkey.css [QuickFolderStyles]
21. chrome://quickfolders/skin/quickfolders-palettes.css [QuickFolderPalettes]
22. chrome://livehttpheaders/skin/livehttpheaders.css
23. chrome://venkman/skin/venkman-overlay.css
24. chrome://messenger/skin/smime/msgHdrViewSMIMEOverlay.css
25. chrome://mailinglistheader/skin/mailinglistheader.css
26. chrome://viewsourcewith/skin/viewsourcewith.css
27. chrome://chatzilla/skin/chatzillaOverlay.css
28. chrome://viewsourcewith/skin/viewsourcewith.css
29. chrome://launchy/skin/main.css
30. chrome://nightly/skin/browser.css
31. chrome://removedupes/skin/removedupes-button.css
32. chrome://removedupes/skin/removedupes-messenger.css
33. chrome://savedpasswordeditor/skin/overlay.css
34. chrome://savedpasswordeditor/skin/overlay-sm.css
35. chrome://elemhidehelper/skin/overlay.css
36. chrome://adblockplus/skin/overlay.css

 ----------
QuickFolders {CSS.STYLESHEETS} 5:21:53.404  [0 ms]	 
37 StyleSheets found:
0. chrome://messenger/skin/mailWindow1.css
1. chrome://messenger/skin/threadPane.css
2. chrome://messenger/skin/threadPaneExtras.css
3. chrome://messenger/skin/threadPaneLabels.css
4. chrome://messenger/skin/folderPane.css
5. chrome://messenger/skin/folderPaneExtras.css
6. chrome://messenger/skin/folderMenus.css
7. chrome://communicator/skin/tasksOverlay.css
8. chrome://charpick/content/style.css
9. chrome://messenger/skin/messageHeader.css
10. chrome://messenger/skin/messageKeywords.css
11. chrome://messenger/skin/smime/msgReadSMIMEOverlay.css
12. chrome://sqlitemanager/skin/smoverlay.css
13. chrome://inspectorwidget/skin/inspectorwidget_tb.css
14. chrome://quickmenu/skin/overlay.css
15. chrome://console2/skin/toolbar.css
16. chrome://console2/skin/toolbar.css
17. chrome://console2/content/seamonkey.css
18. chrome://dispmua/skin/dismua.css
19. chrome://replytolist/skin/replytolist.css
20. chrome://quickfolders/content/quickfolders-seamonkey.css [QuickFolderStyles]

 ----------
QuickFolders {CSS.STYLESHEETS} 5:21:53.404  [1 ms]	 
============================================
getMyStyleSheet (quickfolders-layout.css,QuickFolderStyles) [20, QuickFolderStyles] =chrome://quickfolders/content/quickfolders-seamonkey.css
win.doc.title   =Junk - Local Folders - SeaMonkey
doc.title       =Junk - Local Folders - SeaMonkey
window.location =chrome://messenger/content/messenger.xul
============================================
 ----------
QuickFolders 5:21:53.403  [97 ms]	 
14 of 14 tabs rendered on toolbar.
 ----------
QuickFolders 5:21:53.306  [0 ms]	 
No Categories defined, hiding Categories box.
 ----------
QuickFolders 5:21:53.306  [5 ms]	 
updateCategories() - [0 Categories]
 ----------
QuickFolders 5:21:53.301  [3 ms]	 
updateFolders(rebuildCategories: true, minimal: false) - Number of Folders = 14
 ----------
QuickFolders 5:21:53.298  [134 ms]	 
14 of 14 tabs rendered on toolbar.
 ----------
QuickFolders 5:21:53.164  [1 ms]	 
No Categories defined, hiding Categories box.
 ----------
QuickFolders 5:21:53.163  [1 ms]	 
updateCategories() - [0 Categories]
 ----------
QuickFolders 5:21:53.162  [7 ms]	 
updateFolders(rebuildCategories: true, minimal: false) - Number of Folders = 14
 ----------
QuickFolders 5:21:53.155  [1 ms]	 
last selected Category:__UNCATEGORIZED
 ----------
QuickFolders {CSS.DETAIL} 5:21:53.154  [7 ms]	 
found relevant style: toolbar.quickfolders-flat searching rule background-color
 ----------
QuickFolders {CSS.DETAIL} 5:21:53.147  [8 ms]	 
setElementStyle( toolbar.quickfolders-flat, background-color, transparent)
 ----------
QuickFolders {CSS.DETAIL} 5:21:53.139  [8 ms]	 
setElementStyle( .toolbar, background-color, transparent)
 ----------
QuickFolders {CSS.DETAIL} 5:21:53.131  [0 ms]	 
setElementStyle( .quickfolders-flat toolbarbutton:-moz-drag-over > label, color, #000000)
 ----------
QuickFolders {CSS.DETAIL} 5:21:53.131  [0 ms]	 

theRule.style[k]=background-image
theRule.style[k].parentRule=[object CSSStyleRule]
theRule.style.getPropertyPriority=important
st.getPropertyValue(background-image):none
theRule.style.getPropertyValue=none
 ----------
QuickFolders {CSS.DETAIL} 5:21:53.131  [0 ms]	 

=============
Modify item: background-image
 ----------
QuickFolders {CSS.DETAIL} 5:21:53.131  [5 ms]	 
found relevant style: .quickfolders-flat toolbarbutton:-moz-drag-over searching rule background-image
 ----------
QuickFolders {CSS.DETAIL} 5:21:53.126  [3 ms]	 
setElementStyle( .quickfolders-flat toolbarbutton:-moz-drag-over, background-image, none)
 ----------
QuickFolders {CSS.DETAIL} 5:21:53.123  [5 ms]	 
found relevant style: .quickfolders-flat toolbarbutton:-moz-drag-over searching rule background-color
 ----------
QuickFolders {CSS.DETAIL} 5:21:53.118  [8 ms]	 
setElementStyle( .quickfolders-flat toolbarbutton:-moz-drag-over, background-color, #FFFF66)
 ----------
QuickFolders {CSS.DETAIL} 5:21:53.110  [8 ms]	 
setElementStyle( .quickfolders-flat toolbarbutton:not(#QuickFolders-CurrentFolder):hover, background-color, #FF0000)
 ----------
QuickFolders {CSS.DETAIL} 5:21:53.102  [8 ms]	 
setElementStyle( .quickfolders-flat toolbarbutton.col0[buttonover="true"] > label, color, #000000)
 ----------
QuickFolders {CSS.DETAIL} 5:21:53.94  [1 ms]	 
setElementStyle( .quickfolders-flat toolbarbutton:not(#QuickFolders-CurrentFolder):hover > label, color, #000000)
 ----------
QuickFolders {CSS.DETAIL} 5:21:53.93  [8 ms]	 
found relevant style: .quickfolders-flat toolbarbutton.col0:hover searching rule background-image
 ----------
QuickFolders {CSS.DETAIL} 5:21:53.85  [0 ms]	 
setElementStyle( .quickfolders-flat toolbarbutton.col0:hover, background-image, none)
 ----------
QuickFolders {CSS.DETAIL} 5:21:53.85  [8 ms]	 
found relevant style: .quickfolders-flat toolbarbutton:hover searching rule background-image
 ----------
QuickFolders {CSS.DETAIL} 5:21:53.77  [8 ms]	 
setElementStyle( .quickfolders-flat toolbarbutton:hover, background-image, none)
 ----------
QuickFolders {CSS.DETAIL} 5:21:53.69  [8 ms]	 
setElementStyle( .quickfolders-flat toolbarbutton.col0:hover, background-color, #FF0000)
 ----------
QuickFolders {CSS.DETAIL} 5:21:53.61  [8 ms]	 
setElementStyle( .quickfolders-flat toolbarbutton:hover, background-color, #FF0000)
 ----------
QuickFolders {CSS.DETAIL} 5:21:53.53  [7 ms]	 
setElementStyle( .quickfolders-flat toolbarbutton:not(#QuickFolders-CurrentFolder) > label, color, null)
 ----------
QuickFolders {CSS.DETAIL} 5:21:53.46  [8 ms]	 
setElementStyle( .quickfolders-flat toolbarbutton:not(#QuickFolders-CurrentFolder).col0 > label, color, #FFFFFF)
 ----------
QuickFolders {CSS.DETAIL} 5:21:53.38  [8 ms]	 
setElementStyle( .quickfolders-flat toolbarbutton.col0:not(:-moz-drag-over), background-image, none)
 ----------
QuickFolders {CSS.DETAIL} 5:21:53.30  [1 ms]	 
setElementStyle( .quickfolders-flat toolbarbutton#QuickFolders-CurrentFolder, background-color, rgba(192,192,192,0.25))
 ----------
QuickFolders {CSS.DETAIL} 5:21:53.29  [0 ms]	 
found relevant style: .quickfolders-flat toolbarbutton searching rule background-color
 ----------
QuickFolders {CSS.DETAIL} 5:21:53.29  [0 ms]	 
found relevant style: .quickfolders-flat toolbarbutton searching rule background-color
 ----------
QuickFolders {CSS.DETAIL} 5:21:53.29  [0 ms]	 
found relevant style: .quickfolders-flat toolbarbutton searching rule background-color
 ----------
QuickFolders {CSS.DETAIL} 5:21:53.29  [8 ms]	 
found relevant style: .quickfolders-flat toolbarbutton searching rule background-color
 ----------
QuickFolders {CSS.DETAIL} 5:21:53.21  [10 ms]	 
setElementStyle( .quickfolders-flat toolbarbutton, background-color, rgba(192,192,192,0.25))
 ----------
QuickFolders {CSS.DETAIL} 5:21:53.11  [8 ms]	 
setElementStyle( .quickfolders-flat .selected-folder > label, color, #000000)
 ----------
QuickFolders {CSS.DETAIL} 5:21:53.3  [0 ms]	 
setElementStyle( .quickfolders-flat .selected-folder, background-image, linear-gradient(to bottom, rgb(37, 245, 231) 0%, rgb(9, 205, 188) 15%, rgb(2, 136, 125) 51%, rgb(5, 108, 117) 100%))
 ----------
QuickFolders {CSS.DETAIL} 5:21:53.3  [0 ms]	 
attribute Found:
background-image : linear-gradient(to bottom, rgb(37, 245, 231) 0%, rgb(9, 205, 188) 15%, rgb(2, 136, 125) 51%, rgb(5, 108, 117) 100%)
 ----------
QuickFolders {CSS.DETAIL} 5:21:53.3  [2 ms]	 
found relevant style: #folderTree treechildren.col5::-moz-tree-cell-text, .quickfolders-pills .col5.selected-folder, .quickfolders-pills .col5:hover, .quickfolders-flat .col5, .quickfolders-flat .selected-folder.cActive5[selected], menuitem[tag="qfColor5"] searching rule background-image
 ----------
QuickFolders {CSS.DETAIL} 5:21:53.1  [7 ms]	 
getElementStyle( .quickfolders-flat .col5, background-image)
 ----------
QuickFolders {CSS.DETAIL} 5:21:52.994  [8 ms]	 
setElementStyle( toolbar.quickfolders-flat, border-bottom-color, #66FFFF)
 ----------
QuickFolders {CSS.DETAIL} 5:21:52.986  [7 ms]	 
setElementStyle( .quickfolders-flat .folderBarContainer toolbarbutton:hover, box-shadow, 0px 0px 2px -1px rgba(0,0,0,0.9))
 ----------
QuickFolders {CSS.DETAIL} 5:21:52.979  [8 ms]	 
setElementStyle( .quickfolders-flat .folderBarContainer toolbarbutton.selected-folder, box-shadow, 0px 0px 2px -1px rgba(0,0,0,0.9))
 ----------
QuickFolders {CSS.DETAIL} 5:21:52.971  [7 ms]	 
setElementStyle( .quickfolders-flat .folderBarContainer toolbarbutton, box-shadow, 1px -1px 3px -1px rgba(0,0,0,0.7))
 ----------
QuickFolders {CSS.DETAIL} 5:21:52.964  [0 ms]	 
setElementStyle( .quickfolders-flat toolbarbutton[background-image].selected-folder, border-bottom-color, #66FFFF)
 ----------
Warning: Unknown property '-moz-border-radius-bottomright'.  Declaration dropped.
Source file: chrome://quickfolders/content/quickfolders-seamonkey.css
 ----------
QuickFolders {CSS.DETAIL} 5:21:52.964  [1 ms]	 
found relevant style: .quickfolders-flat toolbarbutton searching rule -moz-border-radius-bottomright
 ----------
QuickFolders {CSS.DETAIL} 5:21:52.963  [0 ms]	 
found relevant style: .quickfolders-flat toolbarbutton searching rule -moz-border-radius-bottomright
 ----------
QuickFolders {CSS.DETAIL} 5:21:52.963  [7 ms]	 
found relevant style: .quickfolders-flat toolbarbutton searching rule -moz-border-radius-bottomright
 ----------
QuickFolders {CSS.DETAIL} 5:21:52.956  [0 ms]	 
setElementStyle( .quickfolders-flat toolbarbutton, -moz-border-radius-bottomright, 0px)
 ----------
Warning: Unknown property '-moz-border-radius-bottomleft'.  Declaration dropped.
Source file: chrome://quickfolders/content/quickfolders-seamonkey.css
 ----------
QuickFolders {CSS.DETAIL} 5:21:52.956  [0 ms]	 
found relevant style: .quickfolders-flat toolbarbutton searching rule -moz-border-radius-bottomleft
 ----------
QuickFolders {CSS.DETAIL} 5:21:52.956  [8 ms]	 
found relevant style: .quickfolders-flat toolbarbutton searching rule -moz-border-radius-bottomleft
 ----------
QuickFolders {CSS.DETAIL} 5:21:52.948  [0 ms]	 
setElementStyle( .quickfolders-flat toolbarbutton, -moz-border-radius-bottomleft, 0px)
 ----------
Warning: Unknown property '-moz-border-radius-topright'.  Declaration dropped.
Source file: chrome://quickfolders/content/quickfolders-seamonkey.css
 ----------
QuickFolders {CSS.DETAIL} 5:21:52.948  [7 ms]	 
found relevant style: .quickfolders-flat toolbarbutton searching rule -moz-border-radius-topright
 ----------
QuickFolders {CSS.DETAIL} 5:21:52.941  [8 ms]	 
setElementStyle( .quickfolders-flat toolbarbutton, -moz-border-radius-topright, 4px)
 ----------
Warning: Unknown property '-moz-border-radius-topleft'.  Declaration dropped.
Source file: chrome://quickfolders/content/quickfolders-seamonkey.css
 ----------
QuickFolders {CSS.DETAIL} 5:21:52.933  [8 ms]	 
setElementStyle( .quickfolders-flat toolbarbutton, -moz-border-radius-topleft, 4px)
 ----------
QuickFolders {CSS.DETAIL} 5:21:52.925  [9 ms]	 
setElementStyle( .quickfolders-flat toolbarbutton[background-image].selected-folder, border-bottom-color, #66FFFF)
 ----------
QuickFolders {CSS.DETAIL} 5:21:52.916  [19 ms]	 
setElementStyle( .quickfolders-flat toolbarbutton, -moz-transition-property, null)
 ----------
QuickFolders {CSS.DETAIL} 5:21:52.897  [0 ms]	 
setElementStyle( .quickfolders-flat toolbarbutton, -moz-transition-duration, null)
 ----------
QuickFolders 5:21:52.897  [0 ms]	 
updateUserStyles() - missing style sheet 'chrome://quickfolders/content/qf_palette_legacy16.css' - not found = not attempting any style modifications.
 ----------
QuickFolders 5:21:52.897  [1 ms]	 
Can not find style sheet: chrome://quickfolders/content/qf_palette_legacy16.css -  in chrome://messenger/content/messenger.xul
win.doc.title=Junk - Local Folders - SeaMonkey
doc.documentURI=chrome://messenger/content/messenger.xul
 ----------
QuickFolders {CSS.STYLESHEETS} 5:21:52.896  [79 ms]	 
37 StyleSheets found:
0. chrome://messenger/skin/mailWindow1.css
1. chrome://messenger/skin/threadPane.css
2. chrome://messenger/skin/threadPaneExtras.css
3. chrome://messenger/skin/threadPaneLabels.css
4. chrome://messenger/skin/folderPane.css
5. chrome://messenger/skin/folderPaneExtras.css
6. chrome://messenger/skin/folderMenus.css
7. chrome://communicator/skin/tasksOverlay.css
8. chrome://charpick/content/style.css
9. chrome://messenger/skin/messageHeader.css
10. chrome://messenger/skin/messageKeywords.css
11. chrome://messenger/skin/smime/msgReadSMIMEOverlay.css
12. chrome://sqlitemanager/skin/smoverlay.css
13. chrome://inspectorwidget/skin/inspectorwidget_tb.css
14. chrome://quickmenu/skin/overlay.css
15. chrome://console2/skin/toolbar.css
16. chrome://console2/skin/toolbar.css
17. chrome://console2/content/seamonkey.css
18. chrome://dispmua/skin/dismua.css
19. chrome://replytolist/skin/replytolist.css
20. chrome://quickfolders/content/quickfolders-seamonkey.css [QuickFolderStyles]
21. chrome://quickfolders/skin/quickfolders-palettes.css [QuickFolderPalettes]
22. chrome://livehttpheaders/skin/livehttpheaders.css
23. chrome://venkman/skin/venkman-overlay.css
24. chrome://messenger/skin/smime/msgHdrViewSMIMEOverlay.css
25. chrome://mailinglistheader/skin/mailinglistheader.css
26. chrome://viewsourcewith/skin/viewsourcewith.css
27. chrome://chatzilla/skin/chatzillaOverlay.css
28. chrome://viewsourcewith/skin/viewsourcewith.css
29. chrome://launchy/skin/main.css
30. chrome://nightly/skin/browser.css
31. chrome://removedupes/skin/removedupes-button.css
32. chrome://removedupes/skin/removedupes-messenger.css
33. chrome://savedpasswordeditor/skin/overlay.css
34. chrome://savedpasswordeditor/skin/overlay-sm.css
35. chrome://elemhidehelper/skin/overlay.css
36. chrome://adblockplus/skin/overlay.css

 ----------
QuickFolders 5:21:52.817  [0 ms]	 
Can not find style sheet: chrome://quickfolders/content/qf_palette_legacy16.css -  in chrome://messenger/content/messenger.xul
win.doc.title=Junk - Local Folders - SeaMonkey
doc.documentURI=chrome://messenger/content/messenger.xul
 ----------
QuickFolders {CSS.STYLESHEETS} 5:21:52.817  [2 ms]	 
37 StyleSheets found:
0. chrome://messenger/skin/mailWindow1.css
1. chrome://messenger/skin/threadPane.css
2. chrome://messenger/skin/threadPaneExtras.css
3. chrome://messenger/skin/threadPaneLabels.css
4. chrome://messenger/skin/folderPane.css
5. chrome://messenger/skin/folderPaneExtras.css
6. chrome://messenger/skin/folderMenus.css
7. chrome://communicator/skin/tasksOverlay.css
8. chrome://charpick/content/style.css
9. chrome://messenger/skin/messageHeader.css
10. chrome://messenger/skin/messageKeywords.css
11. chrome://messenger/skin/smime/msgReadSMIMEOverlay.css
12. chrome://sqlitemanager/skin/smoverlay.css
13. chrome://inspectorwidget/skin/inspectorwidget_tb.css
14. chrome://quickmenu/skin/overlay.css
15. chrome://console2/skin/toolbar.css
16. chrome://console2/skin/toolbar.css
17. chrome://console2/content/seamonkey.css
18. chrome://dispmua/skin/dismua.css
19. chrome://replytolist/skin/replytolist.css
20. chrome://quickfolders/content/quickfolders-seamonkey.css [QuickFolderStyles]
21. chrome://quickfolders/skin/quickfolders-palettes.css [QuickFolderPalettes]
22. chrome://livehttpheaders/skin/livehttpheaders.css
23. chrome://venkman/skin/venkman-overlay.css
24. chrome://messenger/skin/smime/msgHdrViewSMIMEOverlay.css
25. chrome://mailinglistheader/skin/mailinglistheader.css
26. chrome://viewsourcewith/skin/viewsourcewith.css
27. chrome://chatzilla/skin/chatzillaOverlay.css
28. chrome://viewsourcewith/skin/viewsourcewith.css
29. chrome://launchy/skin/main.css
30. chrome://nightly/skin/browser.css
31. chrome://removedupes/skin/removedupes-button.css
32. chrome://removedupes/skin/removedupes-messenger.css
33. chrome://savedpasswordeditor/skin/overlay.css
34. chrome://savedpasswordeditor/skin/overlay-sm.css
35. chrome://elemhidehelper/skin/overlay.css
36. chrome://adblockplus/skin/overlay.css

 ----------
QuickFolders 5:21:52.815  [0 ms]	 
Can not find style sheet: chrome://quickfolders/content/qf_palette_legacy16.css -  in chrome://messenger/content/messenger.xul
win.doc.title=Junk - Local Folders - SeaMonkey
doc.documentURI=chrome://messenger/content/messenger.xul
 ----------
QuickFolders {CSS.STYLESHEETS} 5:21:52.815  [2 ms]	 
37 StyleSheets found:
0. chrome://messenger/skin/mailWindow1.css
1. chrome://messenger/skin/threadPane.css
2. chrome://messenger/skin/threadPaneExtras.css
3. chrome://messenger/skin/threadPaneLabels.css
4. chrome://messenger/skin/folderPane.css
5. chrome://messenger/skin/folderPaneExtras.css
6. chrome://messenger/skin/folderMenus.css
7. chrome://communicator/skin/tasksOverlay.css
8. chrome://charpick/content/style.css
9. chrome://messenger/skin/messageHeader.css
10. chrome://messenger/skin/messageKeywords.css
11. chrome://messenger/skin/smime/msgReadSMIMEOverlay.css
12. chrome://sqlitemanager/skin/smoverlay.css
13. chrome://inspectorwidget/skin/inspectorwidget_tb.css
14. chrome://quickmenu/skin/overlay.css
15. chrome://console2/skin/toolbar.css
16. chrome://console2/skin/toolbar.css
17. chrome://console2/content/seamonkey.css
18. chrome://dispmua/skin/dismua.css
19. chrome://replytolist/skin/replytolist.css
20. chrome://quickfolders/content/quickfolders-seamonkey.css [QuickFolderStyles]
21. chrome://quickfolders/skin/quickfolders-palettes.css [QuickFolderPalettes]
22. chrome://livehttpheaders/skin/livehttpheaders.css
23. chrome://venkman/skin/venkman-overlay.css
24. chrome://messenger/skin/smime/msgHdrViewSMIMEOverlay.css
25. chrome://mailinglistheader/skin/mailinglistheader.css
26. chrome://viewsourcewith/skin/viewsourcewith.css
27. chrome://chatzilla/skin/chatzillaOverlay.css
28. chrome://viewsourcewith/skin/viewsourcewith.css
29. chrome://launchy/skin/main.css
30. chrome://nightly/skin/browser.css
31. chrome://removedupes/skin/removedupes-button.css
32. chrome://removedupes/skin/removedupes-messenger.css
33. chrome://savedpasswordeditor/skin/overlay.css
34. chrome://savedpasswordeditor/skin/overlay-sm.css
35. chrome://elemhidehelper/skin/overlay.css
36. chrome://adblockplus/skin/overlay.css

 ----------
QuickFolders {CSS.STYLESHEETS} 5:21:52.813  [1 ms]	 
37 StyleSheets found:
0. chrome://messenger/skin/mailWindow1.css
1. chrome://messenger/skin/threadPane.css
2. chrome://messenger/skin/threadPaneExtras.css
3. chrome://messenger/skin/threadPaneLabels.css
4. chrome://messenger/skin/folderPane.css
5. chrome://messenger/skin/folderPaneExtras.css
6. chrome://messenger/skin/folderMenus.css
7. chrome://communicator/skin/tasksOverlay.css
8. chrome://charpick/content/style.css
9. chrome://messenger/skin/messageHeader.css
10. chrome://messenger/skin/messageKeywords.css
11. chrome://messenger/skin/smime/msgReadSMIMEOverlay.css
12. chrome://sqlitemanager/skin/smoverlay.css
13. chrome://inspectorwidget/skin/inspectorwidget_tb.css
14. chrome://quickmenu/skin/overlay.css
15. chrome://console2/skin/toolbar.css
16. chrome://console2/skin/toolbar.css
17. chrome://console2/content/seamonkey.css
18. chrome://dispmua/skin/dismua.css
19. chrome://replytolist/skin/replytolist.css
20. chrome://quickfolders/content/quickfolders-seamonkey.css [QuickFolderStyles]

 ----------
QuickFolders {CSS.STYLESHEETS} 5:21:52.812  [3 ms]	 
============================================
getMyStyleSheet (quickfolders-layout.css,QuickFolderStyles) [20, QuickFolderStyles] =chrome://quickfolders/content/quickfolders-seamonkey.css
win.doc.title   =Junk - Local Folders - SeaMonkey
doc.title       =Junk - Local Folders - SeaMonkey
window.location =chrome://messenger/content/messenger.xul
============================================
 ----------
QuickFolders {CSS.STYLESHEETS} 5:21:52.809  [2694 ms]	 
AppVer {2.17a1}>=4.0   => no legacy css rules loaded!
 ----------
QuickFolders:QuickFolders.init() - QuickFolders Version 3.10pre2
Running on SeaMonkey Version 2.17a1
 ----------
QuickFolders 5:21:50.115  [1 ms]	 
QuickFolders.Model.updatePalette()
Current Palette Version=1
 ----------
QuickFolders 5:21:50.114  [1 ms]	 
Current QuickFolders Version: 3.10pre2
 ----------
QuickFolders 5:21:50.113  [0 ms]	 
QuickFolders.VersionProxy() - DETECTED QuickFolders Version 3.10pre2
Running on SeaMonkey Version 2.17a1
 ----------
QuickFolders 5:21:50.113  [252 ms]	 
AddonManager: QuickFolders extension's version is 3.10pre2
 ----------
QuickFolders 5:21:49.861  [6 ms]	 
updateFolders(rebuildCategories: false, minimal: true)
 ----------
QuickFolders 5:21:49.855  [528 ms]	 
Folder Update from Timer 3...
 ----------
QuickFolders 5:21:49.327  [1 ms]	 
initDelayed ==== correct window: chrome://messenger/content/messenger.xul - - SeaMonkey
wait 2500 msec until init()...
 ----------
QuickFolders 5:21:49.326  [1839 ms]	 
initDocAndWindow
QuickFolders.doc = chrome://messenger/content/messenger.xul
this.doc = chrome://messenger/content/messenger.xul
 ----------
QuickFolders 5:21:47.487  [0 ms]	 
Setting Update Timer (after timer 0 expired), new Timer: 3
 ----------
QuickFolders [logTime init]
Folder Tab Select Timer ID: 3
