Warning: ReferenceError: assignment to undeclared variable u4
Source file: http://quickfolders.mozdev.org/version.html#3.10
Line: 1268
 ----------
Warning: ReferenceError: assignment to undeclared variable u3
Source file: http://quickfolders.mozdev.org/version.html#3.10
Line: 1267
 ----------
Warning: ReferenceError: assignment to undeclared variable u2
Source file: http://quickfolders.mozdev.org/version.html#3.10
Line: 1266
 ----------
Warning: ReferenceError: assignment to undeclared variable u1
Source file: http://quickfolders.mozdev.org/version.html#3.10
Line: 1265
 ----------
QuickFolders 4:31:56.967  [19 ms]	 
14 of 14 tabs rebuilt.
 ----------
QuickFolders {CSS.PALETTE} 4:31:56.948  [9 ms]	 
initElementPastel(element: menupopup
target: moz-be (23))  Pastel = false
 ----------
QuickFolders {CSS.PALETTE} 4:31:56.939  [18 ms]	 
initElementPastel(element: menupopup
target: a)  Pastel = false
 ----------
QuickFolders {CSS.PALETTE} 4:31:56.921  [10 ms]	 
initElementPastel(element: menupopup
target: zzV (16))  Pastel = false
 ----------
QuickFolders {CSS.PALETTE} 4:31:56.911  [8 ms]	 
initElementPastel(element: menupopup
target: zzBz (78))  Pastel = false
 ----------
QuickFolders {CSS.PALETTE} 4:31:56.903  [8 ms]	 
initElementPastel(element: menupopup
target: zMz (1))  Pastel = false
 ----------
QuickFolders {CSS.PALETTE} 4:31:56.895  [12 ms]	 
initElementPastel(element: menupopup
target: FF:Bz)  Pastel = false
 ----------
QuickFolders {CSS.PALETTE} 4:31:56.883  [9 ms]	 
initElementPastel(element: menupopup
target: J&L)  Pastel = false
 ----------
QuickFolders {CSS.PALETTE} 4:31:56.874  [9 ms]	 
initElementPastel(element: menupopup
target: T)  Pastel = false
 ----------
QuickFolders {CSS.PALETTE} 4:31:56.865  [10 ms]	 
initElementPastel(element: menupopup
target: J)  Pastel = false
 ----------
QuickFolders {CSS.PALETTE} 4:31:56.855  [9 ms]	 
initElementPastel(element: menupopup
target: In (2))  Pastel = false
 ----------
QuickFolders {CSS.PALETTE} 4:31:56.846  [8 ms]	 
initElementPastel(element: menupopup
target: RWW (1676))  Pastel = false
 ----------
QuickFolders {CSS.PALETTE} 4:31:56.838  [9 ms]	 
initElementPastel(element: menupopup
target: mozP (1156))  Pastel = false
 ----------
QuickFolders {CSS.PALETTE} 4:31:56.829  [9 ms]	 
initElementPastel(element: menupopup
target: B1 (5))  Pastel = false
 ----------
QuickFolders {CSS.PALETTE} 4:31:56.820  [5 ms]	 
initElementPastel(element: menupopup
target: mM)  Pastel = false
 ----------
QuickFolders 4:31:56.815  [8 ms]	 
updateFolders(rebuildCategories: false, minimal: true) - Number of Folders = 14
 ----------
QuickFolders 4:31:56.807  [699 ms]	 
Folder Update from Timer 21...
 ----------
QuickFolders 4:31:56.108  [0 ms]	 
Setting Update Timer (after timer 17 expired), new Timer: 21
 ----------
QuickFolders 4:31:56.108  [8534 ms]	 
Folder Tab Select Timer ID: 21
 ----------
Warning: Error in parsing value for 'height'.  Declaration dropped.
Source file: http://quickfolders.mozdev.org/css/infoBox.css
Line: 34
 ----------
Warning: Error in parsing value for 'background'.  Declaration dropped.
Source file: http://quickfolders.mozdev.org/css/infoBox.css
Line: 33
 ----------
Warning: Unknown pseudo-class or pseudo-element 'selected'.  Ruleset ignored due to bad selector.
Source file: http://quickfolders.mozdev.org/css/project_nav.css
Line: 96
 ----------
Warning: Error in parsing value for 'background'.  Declaration dropped.
Source file: http://quickfolders.mozdev.org/css/project_nav.css
Line: 89
 ----------
Warning: Error in parsing value for 'background'.  Declaration dropped.
Source file: http://quickfolders.mozdev.org/css/project_nav.css
Line: 80
 ----------
Warning: Error in parsing value for 'white-space'.  Declaration dropped.
Source file: http://quickfolders.mozdev.org/css/project_nav.css
Line: 74
 ----------
Warning: Error in parsing value for 'white-space'.  Declaration dropped.
Source file: http://quickfolders.mozdev.org/css/project_nav.css
Line: 68
 ----------
Warning: Error in parsing value for 'background-image'.  Declaration dropped.
Source file: http://quickfolders.mozdev.org/css/project_nav.css
Line: 57
 ----------
Warning: Unknown property 'margin-botton'.  Declaration dropped.
Source file: http://quickfolders.mozdev.org/css/project_nav.css
Line: 16
 ----------
Warning: Error in parsing value for 'filter'.  Declaration dropped.
Source file: http://quickfolders.mozdev.org/css/project.css
Line: 370
 ----------
Warning: Error in parsing value for 'background'.  Declaration dropped.
Source file: http://quickfolders.mozdev.org/css/project.css
Line: 367
 ----------
Warning: Error in parsing value for 'background'.  Declaration dropped.
Source file: http://quickfolders.mozdev.org/css/project.css
Line: 366
 ----------
Warning: Error in parsing value for 'background'.  Declaration dropped.
Source file: http://quickfolders.mozdev.org/css/project.css
Line: 365
 ----------
Warning: Error in parsing value for 'background'.  Declaration dropped.
Source file: http://quickfolders.mozdev.org/css/project.css
Line: 364
 ----------
Warning: Unknown property '-moz-box-shadow'.  Declaration dropped.
Source file: http://quickfolders.mozdev.org/css/project.css
Line: 353
 ----------
Warning: Unknown property 'font-color'.  Declaration dropped.
Source file: http://quickfolders.mozdev.org/css/project.css
Line: 344
 ----------
Warning: Error in parsing value for 'filter'.  Declaration dropped.
Source file: http://quickfolders.mozdev.org/css/project.css
Line: 338
 ----------
Warning: Error in parsing value for 'background'.  Declaration dropped.
Source file: http://quickfolders.mozdev.org/css/project.css
Line: 336
 ----------
Warning: Error in parsing value for 'background'.  Declaration dropped.
Source file: http://quickfolders.mozdev.org/css/project.css
Line: 335
 ----------
Warning: Error in parsing value for 'background'.  Declaration dropped.
Source file: http://quickfolders.mozdev.org/css/project.css
Line: 334
 ----------
Warning: Error in parsing value for 'background'.  Declaration dropped.
Source file: http://quickfolders.mozdev.org/css/project.css
Line: 333
 ----------
Warning: Error in parsing value for 'filter'.  Declaration dropped.
Source file: http://quickfolders.mozdev.org/css/project.css
Line: 327
 ----------
Warning: Error in parsing value for 'background'.  Declaration dropped.
Source file: http://quickfolders.mozdev.org/css/project.css
Line: 325
 ----------
Warning: Error in parsing value for 'background'.  Declaration dropped.
Source file: http://quickfolders.mozdev.org/css/project.css
Line: 324
 ----------
Warning: Error in parsing value for 'background'.  Declaration dropped.
Source file: http://quickfolders.mozdev.org/css/project.css
Line: 323
 ----------
Warning: Error in parsing value for 'background'.  Declaration dropped.
Source file: http://quickfolders.mozdev.org/css/project.css
Line: 322
 ----------
Warning: Error in parsing value for 'filter'.  Declaration dropped.
Source file: http://quickfolders.mozdev.org/css/project.css
Line: 309
 ----------
Warning: Error in parsing value for 'background'.  Declaration dropped.
Source file: http://quickfolders.mozdev.org/css/project.css
Line: 307
 ----------
Warning: Error in parsing value for 'background'.  Declaration dropped.
Source file: http://quickfolders.mozdev.org/css/project.css
Line: 306
 ----------
Warning: Error in parsing value for 'background'.  Declaration dropped.
Source file: http://quickfolders.mozdev.org/css/project.css
Line: 305
 ----------
Warning: Error in parsing value for 'background'.  Declaration dropped.
Source file: http://quickfolders.mozdev.org/css/project.css
Line: 304
 ----------
Warning: Error in parsing value for 'filter'.  Declaration dropped.
Source file: http://quickfolders.mozdev.org/css/project.css
Line: 249
 ----------
Warning: Error in parsing value for 'background'.  Declaration dropped.
Source file: http://quickfolders.mozdev.org/css/project.css
Line: 248
 ----------
Warning: Error in parsing value for 'background'.  Declaration dropped.
Source file: http://quickfolders.mozdev.org/css/project.css
Line: 247
 ----------
Warning: Error in parsing value for 'background'.  Declaration dropped.
Source file: http://quickfolders.mozdev.org/css/project.css
Line: 246
 ----------
Warning: Error in parsing value for 'background'.  Declaration dropped.
Source file: http://quickfolders.mozdev.org/css/project.css
Line: 245
 ----------
Warning: Error in parsing value for 'filter'.  Declaration dropped.
Source file: http://quickfolders.mozdev.org/css/project.css
Line: 230
 ----------
Warning: Error in parsing value for 'background'.  Declaration dropped.
Source file: http://quickfolders.mozdev.org/css/project.css
Line: 229
 ----------
Warning: Error in parsing value for 'background'.  Declaration dropped.
Source file: http://quickfolders.mozdev.org/css/project.css
Line: 228
 ----------
Warning: Error in parsing value for 'background'.  Declaration dropped.
Source file: http://quickfolders.mozdev.org/css/project.css
Line: 227
 ----------
Warning: Error in parsing value for 'background'.  Declaration dropped.
Source file: http://quickfolders.mozdev.org/css/project.css
Line: 226
 ----------
Warning: Error in parsing value for 'filter'.  Declaration dropped.
Source file: http://quickfolders.mozdev.org/css/project.css
Line: 193
 ----------
Warning: Error in parsing value for 'background'.  Declaration dropped.
Source file: http://quickfolders.mozdev.org/css/project.css
Line: 192
 ----------
Warning: Error in parsing value for 'background'.  Declaration dropped.
Source file: http://quickfolders.mozdev.org/css/project.css
Line: 191
 ----------
Warning: Error in parsing value for 'background'.  Declaration dropped.
Source file: http://quickfolders.mozdev.org/css/project.css
Line: 190
 ----------
Warning: Error in parsing value for 'background'.  Declaration dropped.
Source file: http://quickfolders.mozdev.org/css/project.css
Line: 189
 ----------
Warning: Error in parsing value for 'filter'.  Declaration dropped.
Source file: http://quickfolders.mozdev.org/css/project.css
Line: 175
 ----------
Warning: Error in parsing value for 'background'.  Declaration dropped.
Source file: http://quickfolders.mozdev.org/css/project.css
Line: 174
 ----------
Warning: Error in parsing value for 'background'.  Declaration dropped.
Source file: http://quickfolders.mozdev.org/css/project.css
Line: 173
 ----------
Warning: Error in parsing value for 'background'.  Declaration dropped.
Source file: http://quickfolders.mozdev.org/css/project.css
Line: 172
 ----------
Warning: Error in parsing value for 'background'.  Declaration dropped.
Source file: http://quickfolders.mozdev.org/css/project.css
Line: 171
 ----------
Warning: Error in parsing value for 'filter'.  Declaration dropped.
Source file: http://quickfolders.mozdev.org/css/project.css
Line: 145
 ----------
Warning: Error in parsing value for 'background'.  Declaration dropped.
Source file: http://quickfolders.mozdev.org/css/project.css
Line: 144
 ----------
Warning: Error in parsing value for 'background'.  Declaration dropped.
Source file: http://quickfolders.mozdev.org/css/project.css
Line: 143
 ----------
Warning: Error in parsing value for 'background'.  Declaration dropped.
Source file: http://quickfolders.mozdev.org/css/project.css
Line: 142
 ----------
Warning: Error in parsing value for 'filter'.  Declaration dropped.
Source file: http://quickfolders.mozdev.org/css/project.css
Line: 118
 ----------
Warning: Error in parsing value for 'background'.  Declaration dropped.
Source file: http://quickfolders.mozdev.org/css/project.css
Line: 117
 ----------
Warning: Error in parsing value for 'background'.  Declaration dropped.
Source file: http://quickfolders.mozdev.org/css/project.css
Line: 116
 ----------
Warning: Error in parsing value for 'background'.  Declaration dropped.
Source file: http://quickfolders.mozdev.org/css/project.css
Line: 115
 ----------
Warning: Error in parsing value for 'background'.  Declaration dropped.
Source file: http://quickfolders.mozdev.org/css/project.css
Line: 114
 ----------
Warning: Error in parsing value for 'filter'.  Declaration dropped.
Source file: http://quickfolders.mozdev.org/css/project.css
Line: 106
 ----------
Warning: Error in parsing value for 'background'.  Declaration dropped.
Source file: http://quickfolders.mozdev.org/css/project.css
Line: 105
 ----------
Warning: Error in parsing value for 'background'.  Declaration dropped.
Source file: http://quickfolders.mozdev.org/css/project.css
Line: 104
 ----------
Warning: Error in parsing value for 'background'.  Declaration dropped.
Source file: http://quickfolders.mozdev.org/css/project.css
Line: 103
 ----------
Warning: Error in parsing value for 'background'.  Declaration dropped.
Source file: http://quickfolders.mozdev.org/css/project.css
Line: 102
 ----------
Warning: Error in parsing value for 'filter'.  Declaration dropped.
Source file: http://quickfolders.mozdev.org/css/project.css
Line: 62
 ----------
Warning: Error in parsing value for 'background'.  Declaration dropped.
Source file: http://quickfolders.mozdev.org/css/project.css
Line: 61
 ----------
Warning: Error in parsing value for 'background'.  Declaration dropped.
Source file: http://quickfolders.mozdev.org/css/project.css
Line: 60
 ----------
Warning: Error in parsing value for 'background'.  Declaration dropped.
Source file: http://quickfolders.mozdev.org/css/project.css
Line: 59
 ----------
Warning: Unknown property '-moz-border-radius'.  Declaration dropped.
Source file: http://quickfolders.mozdev.org/css/gecko4.css
Line: 67
 ----------
Warning: Unknown property '-moz-box-shadow'.  Declaration dropped.
Source file: http://quickfolders.mozdev.org/css/gecko4.css
Line: 62
 ----------
Warning: Unknown property '-moz-border-radius'.  Declaration dropped.
Source file: http://quickfolders.mozdev.org/css/gecko4.css
Line: 56
 ----------
Warning: Unknown property '-moz-box-shadow'.  Declaration dropped.
Source file: http://quickfolders.mozdev.org/css/gecko4.css
Line: 55
 ----------
Warning: Unknown property '-moz-border-radius'.  Declaration dropped.
Source file: http://quickfolders.mozdev.org/css/gecko4.css
Line: 50
 ----------
Warning: Unknown property '-moz-box-shadow'.  Declaration dropped.
Source file: http://quickfolders.mozdev.org/css/gecko4.css
Line: 46
 ----------
Warning: Unknown property '-moz-border-radius'.  Declaration dropped.
Source file: http://quickfolders.mozdev.org/css/gecko4.css
Line: 41
 ----------
Warning: Unknown property '-moz-box-shadow'.  Declaration dropped.
Source file: http://quickfolders.mozdev.org/css/gecko4.css
Line: 40
 ----------
Warning: Unknown property '-moz-border-radius'.  Declaration dropped.
Source file: http://quickfolders.mozdev.org/css/gecko4.css
Line: 33
 ----------
Warning: Unknown property '-moz-box-shadow'.  Declaration dropped.
Source file: http://quickfolders.mozdev.org/css/gecko4.css
Line: 32
 ----------
Warning: Unknown property '-moz-border-radius'.  Declaration dropped.
Source file: http://quickfolders.mozdev.org/css/gecko4.css
Line: 27
 ----------
Warning: Unknown property '-moz-box-shadow'.  Declaration dropped.
Source file: http://quickfolders.mozdev.org/css/gecko4.css
Line: 26
 ----------
Warning: Unknown property '-moz-border-radius'.  Declaration dropped.
Source file: http://quickfolders.mozdev.org/css/gecko4.css
Line: 20
 ----------
Warning: Unknown property '-moz-box-shadow'.  Declaration dropped.
Source file: http://quickfolders.mozdev.org/css/gecko4.css
Line: 19
 ----------
Warning: Unknown property '-moz-box-shadow'.  Declaration dropped.
Source file: http://quickfolders.mozdev.org/css/gecko4.css
Line: 15
 ----------
Warning: Unknown property '-moz-border-radius'.  Declaration dropped.
Source file: http://quickfolders.mozdev.org/css/gecko4.css
Line: 14
 ----------
Warning: Unknown property '-moz-box-shadow'.  Declaration dropped.
Source file: http://quickfolders.mozdev.org/css/gecko4.css
Line: 10
 ----------
Warning: Unknown property '-moz-border-radius'.  Declaration dropped.
Source file: http://quickfolders.mozdev.org/css/gecko4.css
Line: 9
 ----------
Warning: Unknown property '-moz-border-radius'.  Declaration dropped.
Source file: http://quickfolders.mozdev.org/css/gecko4.css
Line: 4
 ----------
Warning: Unknown property '-moz-box-shadow'.  Declaration dropped.
Source file: http://quickfolders.mozdev.org/css/gecko4.css
Line: 3
 ----------
Warning: Unknown property '-moz-border-radius'.  Declaration dropped.
Source file: http://quickfolders.mozdev.org/version.html#3.10
Line: 141
 ----------
Warning: Error in parsing value for 'filter'.  Declaration dropped.
Source file: http://quickfolders.mozdev.org/version.html#3.10
Line: 138
 ----------
Warning: Expected color but found 'top'.  Error in parsing value for 'background'.  Declaration dropped.
Source file: http://quickfolders.mozdev.org/version.html#3.10
Line: 137
 ----------
Warning: Error in parsing value for 'background'.  Declaration dropped.
Source file: http://quickfolders.mozdev.org/version.html#3.10
Line: 136
 ----------
Warning: Error in parsing value for 'background'.  Declaration dropped.
Source file: http://quickfolders.mozdev.org/version.html#3.10
Line: 135
 ----------
Warning: Error in parsing value for 'background'.  Declaration dropped.
Source file: http://quickfolders.mozdev.org/version.html#3.10
Line: 134
 ----------
Warning: Error in parsing value for 'background'.  Declaration dropped.
Source file: http://quickfolders.mozdev.org/version.html#3.10
Line: 133
 ----------
Warning: Unknown property '-moz-border-radius'.  Declaration dropped.
Source file: http://quickfolders.mozdev.org/version.html#3.10
Line: 112
 ----------
QuickFolders 4:31:47.574  [15 ms]	 
14 of 14 tabs rebuilt.
 ----------
QuickFolders {CSS.PALETTE} 4:31:47.559  [12 ms]	 
initElementPastel(element: menupopup
target: moz-be (23))  Pastel = false
 ----------
QuickFolders {CSS.PALETTE} 4:31:47.547  [27 ms]	 
initElementPastel(element: menupopup
target: a)  Pastel = false
 ----------
QuickFolders {CSS.PALETTE} 4:31:47.520  [15 ms]	 
initElementPastel(element: menupopup
target: zzV (16))  Pastel = false
 ----------
QuickFolders {CSS.PALETTE} 4:31:47.505  [11 ms]	 
initElementPastel(element: menupopup
target: zzBz (78))  Pastel = false
 ----------
QuickFolders {CSS.PALETTE} 4:31:47.494  [9 ms]	 
initElementPastel(element: menupopup
target: zMz (1))  Pastel = false
 ----------
QuickFolders {CSS.PALETTE} 4:31:47.485  [13 ms]	 
initElementPastel(element: menupopup
target: FF:Bz)  Pastel = false
 ----------
QuickFolders {CSS.PALETTE} 4:31:47.472  [11 ms]	 
initElementPastel(element: menupopup
target: J&L)  Pastel = false
 ----------
QuickFolders {CSS.PALETTE} 4:31:47.461  [8 ms]	 
initElementPastel(element: menupopup
target: T)  Pastel = false
 ----------
QuickFolders {CSS.PALETTE} 4:31:47.453  [8 ms]	 
initElementPastel(element: menupopup
target: J)  Pastel = false
 ----------
QuickFolders {CSS.PALETTE} 4:31:47.445  [11 ms]	 
initElementPastel(element: menupopup
target: In (2))  Pastel = false
 ----------
QuickFolders {CSS.PALETTE} 4:31:47.434  [9 ms]	 
initElementPastel(element: menupopup
target: RWW (1676))  Pastel = false
 ----------
QuickFolders {CSS.PALETTE} 4:31:47.425  [16 ms]	 
initElementPastel(element: menupopup
target: mozP (1156))  Pastel = false
 ----------
QuickFolders {CSS.PALETTE} 4:31:47.409  [9 ms]	 
initElementPastel(element: menupopup
target: B1 (5))  Pastel = false
 ----------
QuickFolders {CSS.PALETTE} 4:31:47.400  [6 ms]	 
initElementPastel(element: menupopup
target: mM)  Pastel = false
 ----------
QuickFolders 4:31:47.394  [6 ms]	 
updateFolders(rebuildCategories: false, minimal: true) - Number of Folders = 14
 ----------
QuickFolders 4:31:47.388  [6769 ms]	 
Folder Update from Timer 17...
 ----------
QuickFolders 4:31:40.619  [0 ms]	 
Setting Update Timer (after timer 15 expired), new Timer: 17
 ----------
QuickFolders 4:31:40.619  [8076 ms]	 
Folder Tab Select Timer ID: 17
 ----------
QuickFolders 4:31:32.543  [11 ms]	 
14 of 14 tabs rebuilt.
 ----------
QuickFolders {CSS.PALETTE} 4:31:32.532  [10 ms]	 
initElementPastel(element: menupopup
target: moz-be (23))  Pastel = false
 ----------
QuickFolders {CSS.PALETTE} 4:31:32.522  [14 ms]	 
initElementPastel(element: menupopup
target: a)  Pastel = false
 ----------
QuickFolders {CSS.PALETTE} 4:31:32.508  [26 ms]	 
initElementPastel(element: menupopup
target: zzV (16))  Pastel = false
 ----------
QuickFolders {CSS.PALETTE} 4:31:32.482  [19 ms]	 
initElementPastel(element: menupopup
target: zzBz (78))  Pastel = false
 ----------
QuickFolders {CSS.PALETTE} 4:31:32.463  [14 ms]	 
initElementPastel(element: menupopup
target: zMz (1))  Pastel = false
 ----------
QuickFolders {CSS.PALETTE} 4:31:32.449  [9 ms]	 
initElementPastel(element: menupopup
target: FF:Bz)  Pastel = false
 ----------
QuickFolders {CSS.PALETTE} 4:31:32.440  [9 ms]	 
initElementPastel(element: menupopup
target: J&L)  Pastel = false
 ----------
QuickFolders {CSS.PALETTE} 4:31:32.431  [10 ms]	 
initElementPastel(element: menupopup
target: T)  Pastel = false
 ----------
QuickFolders {CSS.PALETTE} 4:31:32.421  [9 ms]	 
initElementPastel(element: menupopup
target: J)  Pastel = false
 ----------
QuickFolders {CSS.PALETTE} 4:31:32.412  [8 ms]	 
initElementPastel(element: menupopup
target: In (2))  Pastel = false
 ----------
QuickFolders {CSS.PALETTE} 4:31:32.404  [7 ms]	 
initElementPastel(element: menupopup
target: RWW (1676))  Pastel = false
 ----------
QuickFolders {CSS.PALETTE} 4:31:32.397  [8 ms]	 
initElementPastel(element: menupopup
target: mozP (1156))  Pastel = false
 ----------
QuickFolders {CSS.PALETTE} 4:31:32.389  [9 ms]	 
initElementPastel(element: menupopup
target: B1 (5))  Pastel = false
 ----------
QuickFolders {CSS.PALETTE} 4:31:32.380  [6 ms]	 
initElementPastel(element: menupopup
target: mM)  Pastel = false
 ----------
QuickFolders 4:31:32.374  [3 ms]	 
updateFolders(rebuildCategories: false, minimal: true) - Number of Folders = 14
 ----------
QuickFolders 4:31:32.371  [13942 ms]	 
Folder Update from Timer 15...
 ----------
QuickFolders 4:31:18.429  [0 ms]	 
Setting Update Timer (after timer 14 expired), new Timer: 15
 ----------
QuickFolders 4:31:18.429  [8765 ms]	 
Folder Tab Select Timer ID: 15
 ----------
QuickFolders 4:31:9.664  [9 ms]	 
14 of 14 tabs rebuilt.
 ----------
QuickFolders {CSS.PALETTE} 4:31:9.655  [7 ms]	 
initElementPastel(element: menupopup
target: moz-be (23))  Pastel = false
 ----------
QuickFolders {CSS.PALETTE} 4:31:9.648  [7 ms]	 
initElementPastel(element: menupopup
target: a)  Pastel = false
 ----------
QuickFolders {CSS.PALETTE} 4:31:9.641  [10 ms]	 
initElementPastel(element: menupopup
target: zzV (16))  Pastel = false
 ----------
QuickFolders {CSS.PALETTE} 4:31:9.631  [9 ms]	 
initElementPastel(element: menupopup
target: zzBz (78))  Pastel = false
 ----------
QuickFolders {CSS.PALETTE} 4:31:9.622  [7 ms]	 
initElementPastel(element: menupopup
target: zMz (1))  Pastel = false
 ----------
QuickFolders {CSS.PALETTE} 4:31:9.615  [7 ms]	 
initElementPastel(element: menupopup
target: FF:Bz)  Pastel = false
 ----------
QuickFolders {CSS.PALETTE} 4:31:9.608  [8 ms]	 
initElementPastel(element: menupopup
target: J&L)  Pastel = false
 ----------
QuickFolders {CSS.PALETTE} 4:31:9.600  [7 ms]	 
initElementPastel(element: menupopup
target: T)  Pastel = false
 ----------
QuickFolders {CSS.PALETTE} 4:31:9.593  [7 ms]	 
initElementPastel(element: menupopup
target: J)  Pastel = false
 ----------
QuickFolders {CSS.PALETTE} 4:31:9.586  [9 ms]	 
initElementPastel(element: menupopup
target: In (2))  Pastel = false
 ----------
QuickFolders {CSS.PALETTE} 4:31:9.577  [7 ms]	 
initElementPastel(element: menupopup
target: RWW (1676))  Pastel = false
 ----------
QuickFolders {CSS.PALETTE} 4:31:9.570  [7 ms]	 
initElementPastel(element: menupopup
target: mozP (1156))  Pastel = false
 ----------
QuickFolders {CSS.PALETTE} 4:31:9.563  [7 ms]	 
initElementPastel(element: menupopup
target: B1 (5))  Pastel = false
 ----------
QuickFolders {CSS.PALETTE} 4:31:9.556  [3 ms]	 
initElementPastel(element: menupopup
target: mM)  Pastel = false
 ----------
QuickFolders 4:31:9.553  [2 ms]	 
updateFolders(rebuildCategories: false, minimal: true) - Number of Folders = 14
 ----------
QuickFolders 4:31:9.551  [3598 ms]	 
Folder Update from Timer 14...
 ----------
QuickFolders 4:31:5.953  [0 ms]	 
Setting Update Timer (after timer 13 expired), new Timer: 14
 ----------
QuickFolders 4:31:5.953  [251 ms]	 
Folder Tab Select Timer ID: 14
 ----------
QuickFolders 4:31:5.702  [10 ms]	 
14 of 14 tabs rebuilt.
 ----------
QuickFolders {CSS.PALETTE} 4:31:5.692  [8 ms]	 
initElementPastel(element: menupopup
target: moz-be (23))  Pastel = false
 ----------
QuickFolders {CSS.PALETTE} 4:31:5.684  [9 ms]	 
initElementPastel(element: menupopup
target: a)  Pastel = false
 ----------
QuickFolders {CSS.PALETTE} 4:31:5.675  [10 ms]	 
initElementPastel(element: menupopup
target: zzV (16))  Pastel = false
 ----------
QuickFolders {CSS.PALETTE} 4:31:5.665  [7 ms]	 
initElementPastel(element: menupopup
target: zzBz (78))  Pastel = false
 ----------
QuickFolders {CSS.PALETTE} 4:31:5.658  [7 ms]	 
initElementPastel(element: menupopup
target: zMz (1))  Pastel = false
 ----------
QuickFolders {CSS.PALETTE} 4:31:5.651  [7 ms]	 
initElementPastel(element: menupopup
target: FF:Bz)  Pastel = false
 ----------
QuickFolders {CSS.PALETTE} 4:31:5.644  [9 ms]	 
initElementPastel(element: menupopup
target: J&L)  Pastel = false
 ----------
QuickFolders {CSS.PALETTE} 4:31:5.635  [9 ms]	 
initElementPastel(element: menupopup
target: T)  Pastel = false
 ----------
QuickFolders {CSS.PALETTE} 4:31:5.626  [8 ms]	 
initElementPastel(element: menupopup
target: J)  Pastel = false
 ----------
QuickFolders {CSS.PALETTE} 4:31:5.618  [9 ms]	 
initElementPastel(element: menupopup
target: In (2))  Pastel = false
 ----------
QuickFolders {CSS.PALETTE} 4:31:5.609  [8 ms]	 
initElementPastel(element: menupopup
target: RWW (1676))  Pastel = false
 ----------
QuickFolders {CSS.PALETTE} 4:31:5.601  [9 ms]	 
initElementPastel(element: menupopup
target: mozP (1156))  Pastel = false
 ----------
QuickFolders {CSS.PALETTE} 4:31:5.592  [9 ms]	 
initElementPastel(element: menupopup
target: B1 (5))  Pastel = false
 ----------
QuickFolders {CSS.PALETTE} 4:31:5.583  [2 ms]	 
initElementPastel(element: menupopup
target: mM)  Pastel = false
 ----------
QuickFolders 4:31:5.581  [2 ms]	 
updateFolders(rebuildCategories: false, minimal: true) - Number of Folders = 14
 ----------
QuickFolders 4:31:5.579  [4564 ms]	 
Folder Update from Timer 13...
 ----------
QuickFolders 4:31:1.15  [0 ms]	 
Setting Update Timer (after timer 12 expired), new Timer: 13
 ----------
QuickFolders 4:31:1.15  [5670 ms]	 
Folder Tab Select Timer ID: 13
 ----------
QuickFolders 4:30:55.345  [14 ms]	 
14 of 14 tabs rebuilt.
 ----------
QuickFolders {CSS.PALETTE} 4:30:55.331  [12 ms]	 
initElementPastel(element: menupopup
target: moz-be (23))  Pastel = false
 ----------
QuickFolders {CSS.PALETTE} 4:30:55.319  [12 ms]	 
initElementPastel(element: menupopup
target: a)  Pastel = false
 ----------
QuickFolders {CSS.PALETTE} 4:30:55.307  [11 ms]	 
initElementPastel(element: menupopup
target: zzV (16))  Pastel = false
 ----------
QuickFolders {CSS.PALETTE} 4:30:55.296  [13 ms]	 
initElementPastel(element: menupopup
target: zzBz (78))  Pastel = false
 ----------
QuickFolders {CSS.PALETTE} 4:30:55.283  [10 ms]	 
initElementPastel(element: menupopup
target: zMz (1))  Pastel = false
 ----------
QuickFolders {CSS.PALETTE} 4:30:55.273  [9 ms]	 
initElementPastel(element: menupopup
target: FF:Bz)  Pastel = false
 ----------
QuickFolders {CSS.PALETTE} 4:30:55.264  [10 ms]	 
initElementPastel(element: menupopup
target: J&L)  Pastel = false
 ----------
QuickFolders {CSS.PALETTE} 4:30:55.254  [10 ms]	 
initElementPastel(element: menupopup
target: T)  Pastel = false
 ----------
QuickFolders {CSS.PALETTE} 4:30:55.244  [7 ms]	 
initElementPastel(element: menupopup
target: J)  Pastel = false
 ----------
QuickFolders {CSS.PALETTE} 4:30:55.237  [8 ms]	 
initElementPastel(element: menupopup
target: In (2))  Pastel = false
 ----------
QuickFolders {CSS.PALETTE} 4:30:55.229  [8 ms]	 
initElementPastel(element: menupopup
target: RWW (1676))  Pastel = false
 ----------
QuickFolders {CSS.PALETTE} 4:30:55.221  [9 ms]	 
initElementPastel(element: menupopup
target: mozP (1156))  Pastel = false
 ----------
QuickFolders {CSS.PALETTE} 4:30:55.212  [9 ms]	 
initElementPastel(element: menupopup
target: B1 (5))  Pastel = false
 ----------
QuickFolders {CSS.PALETTE} 4:30:55.203  [4 ms]	 
initElementPastel(element: menupopup
target: mM)  Pastel = false
 ----------
QuickFolders 4:30:55.199  [5 ms]	 
updateFolders(rebuildCategories: false, minimal: true) - Number of Folders = 14
 ----------
QuickFolders 4:30:55.194  [4958 ms]	 
Folder Update from Timer 12...
 ----------
QuickFolders 4:30:50.236  [0 ms]	 
Setting Update Timer (after timer 10 expired), new Timer: 12
 ----------
QuickFolders 4:30:50.236  [9215 ms]	 
Folder Tab Select Timer ID: 12
 ----------
QuickFolders 4:30:41.21  [13 ms]	 
14 of 14 tabs rebuilt.
 ----------
QuickFolders {CSS.PALETTE} 4:30:41.8  [9 ms]	 
initElementPastel(element: menupopup
target: moz-be (23))  Pastel = false
 ----------
QuickFolders {CSS.PALETTE} 4:30:40.999  [8 ms]	 
initElementPastel(element: menupopup
target: a)  Pastel = false
 ----------
QuickFolders {CSS.PALETTE} 4:30:40.991  [17 ms]	 
initElementPastel(element: menupopup
target: zzV (16))  Pastel = false
 ----------
QuickFolders {CSS.PALETTE} 4:30:40.974  [14 ms]	 
initElementPastel(element: menupopup
target: zzBz (78))  Pastel = false
 ----------
QuickFolders {CSS.PALETTE} 4:30:40.960  [9 ms]	 
initElementPastel(element: menupopup
target: zMz (1))  Pastel = false
 ----------
QuickFolders {CSS.PALETTE} 4:30:40.951  [8 ms]	 
initElementPastel(element: menupopup
target: FF:Bz)  Pastel = false
 ----------
QuickFolders {CSS.PALETTE} 4:30:40.943  [10 ms]	 
initElementPastel(element: menupopup
target: J&L)  Pastel = false
 ----------
QuickFolders {CSS.PALETTE} 4:30:40.933  [9 ms]	 
initElementPastel(element: menupopup
target: T)  Pastel = false
 ----------
QuickFolders {CSS.PALETTE} 4:30:40.924  [10 ms]	 
initElementPastel(element: menupopup
target: J)  Pastel = false
 ----------
QuickFolders {CSS.PALETTE} 4:30:40.914  [11 ms]	 
initElementPastel(element: menupopup
target: In (2))  Pastel = false
 ----------
QuickFolders {CSS.PALETTE} 4:30:40.903  [14 ms]	 
initElementPastel(element: menupopup
target: RWW (1676))  Pastel = false
 ----------
QuickFolders {CSS.PALETTE} 4:30:40.889  [21 ms]	 
initElementPastel(element: menupopup
target: mozP (1156))  Pastel = false
 ----------
QuickFolders {CSS.PALETTE} 4:30:40.868  [10 ms]	 
initElementPastel(element: menupopup
target: B1 (5))  Pastel = false
 ----------
QuickFolders {CSS.PALETTE} 4:30:40.858  [4 ms]	 
initElementPastel(element: menupopup
target: mM)  Pastel = false
 ----------
QuickFolders 4:30:40.854  [2 ms]	 
updateFolders(rebuildCategories: false, minimal: true) - Number of Folders = 14
 ----------
QuickFolders 4:30:40.852  [1049 ms]	 
Folder Update from Timer 10...
 ----------
QuickFolders 4:30:39.803  [0 ms]	 
Setting Update Timer (after timer 3 expired), new Timer: 10
 ----------
QuickFolders 4:30:39.803  [2941 ms]	 
Folder Tab Select Timer ID: 10
 ----------
QuickFolders 4:30:36.862  [0 ms]	 
openLinkInBrowserForced (http://quickfolders.mozdev.org/version.html#3.10)
 ----------
QuickFolders 4:30:36.862  [0 ms]	 
QF.init() ends.
 ----------
QuickFolders 4:30:36.862  [8 ms]	 
call initToolbarHiding.
 ----------
QuickFolders 4:30:36.854  [0 ms]	 
call displayNavigationToolbar.
 ----------
QuickFolders {CSS} 4:30:36.854  [0 ms]	 
updateUserStyles(): success
 ----------
QuickFolders {CSS.DETAIL} 4:30:36.854  [0 ms]	 

theRule.style[k]=background-color
theRule.style[k].parentRule=[object CSSStyleRule]
theRule.style.getPropertyPriority=important
st.getPropertyValue(background-color):transparent
theRule.style.getPropertyValue=transparent
 ----------
QuickFolders {CSS.DETAIL} 4:30:36.854  [0 ms]	 

=============
Modify item: background-color
 ----------
QuickFolders {CSS.DETAIL} 4:30:36.854  [1 ms]	 
found relevant style: toolbar.quickfolders-flat searching rule background-color
 ----------
QuickFolders {CSS.DETAIL} 4:30:36.853  [8 ms]	 
found relevant style: toolbar.quickfolders-flat searching rule background-color
 ----------
QuickFolders {CSS.DETAIL} 4:30:36.845  [0 ms]	 
setElementStyle( toolbar.quickfolders-flat, background-color, transparent)
 ----------
QuickFolders {CSS.DETAIL} 4:30:36.845  [0 ms]	 

theRule.style[k]=background-color
theRule.style[k].parentRule=[object CSSStyleRule]
theRule.style.getPropertyPriority=important
st.getPropertyValue(background-color):transparent
theRule.style.getPropertyValue=transparent
 ----------
QuickFolders {CSS.DETAIL} 4:30:36.845  [0 ms]	 

=============
Modify item: background-color
 ----------
QuickFolders {CSS.DETAIL} 4:30:36.845  [9 ms]	 
found relevant style: .toolbar searching rule background-color
 ----------
QuickFolders {CSS.DETAIL} 4:30:36.836  [0 ms]	 
setElementStyle( .toolbar, background-color, transparent)
 ----------
QuickFolders {CSS.DETAIL} 4:30:36.836  [0 ms]	 

theRule.style[k]=color
theRule.style[k].parentRule=[object CSSStyleRule]
theRule.style.getPropertyPriority=important
st.getPropertyValue(color):rgb(0, 0, 0)
theRule.style.getPropertyValue=rgb(0, 0, 0)
 ----------
QuickFolders {CSS.DETAIL} 4:30:36.836  [0 ms]	 

=============
Modify item: color
 ----------
QuickFolders {CSS.DETAIL} 4:30:36.836  [9 ms]	 
found relevant style: .quickfolders-flat toolbarbutton:-moz-drag-over > label searching rule color
 ----------
QuickFolders {CSS.DETAIL} 4:30:36.827  [0 ms]	 
setElementStyle( .quickfolders-flat toolbarbutton:-moz-drag-over > label, color, #000000)
 ----------
QuickFolders {CSS.DETAIL} 4:30:36.827  [0 ms]	 

theRule.style[k]=background-image
theRule.style[k].parentRule=[object CSSStyleRule]
theRule.style.getPropertyPriority=important
st.getPropertyValue(background-image):none
theRule.style.getPropertyValue=none
 ----------
QuickFolders {CSS.DETAIL} 4:30:36.827  [0 ms]	 

=============
Modify item: background-image
 ----------
QuickFolders {CSS.DETAIL} 4:30:36.827  [6 ms]	 
found relevant style: .quickfolders-flat toolbarbutton:-moz-drag-over searching rule background-image
 ----------
QuickFolders {CSS.DETAIL} 4:30:36.821  [0 ms]	 
setElementStyle( .quickfolders-flat toolbarbutton:-moz-drag-over, background-image, none)
 ----------
QuickFolders {CSS.DETAIL} 4:30:36.821  [0 ms]	 

theRule.style[k]=background-color
theRule.style[k].parentRule=[object CSSStyleRule]
theRule.style.getPropertyPriority=important
st.getPropertyValue(background-color):rgb(255, 255, 102)
theRule.style.getPropertyValue=rgb(255, 255, 102)
 ----------
QuickFolders {CSS.DETAIL} 4:30:36.821  [0 ms]	 

=============
Modify item: background-color
 ----------
QuickFolders {CSS.DETAIL} 4:30:36.821  [3 ms]	 
found relevant style: .quickfolders-flat toolbarbutton:-moz-drag-over searching rule background-color
 ----------
QuickFolders {CSS.DETAIL} 4:30:36.818  [6 ms]	 
found relevant style: .quickfolders-flat toolbarbutton:-moz-drag-over searching rule background-color
 ----------
QuickFolders {CSS.DETAIL} 4:30:36.812  [10 ms]	 
setElementStyle( .quickfolders-flat toolbarbutton:-moz-drag-over, background-color, #FFFF66)
 ----------
QuickFolders {CSS.DETAIL} 4:30:36.802  [0 ms]	 
setElementStyle( .quickfolders-flat toolbarbutton:not(#QuickFolders-CurrentFolder):hover, background-color, #FF0000)
 ----------
QuickFolders {CSS.DETAIL} 4:30:36.802  [0 ms]	 

theRule.style[k]=color
theRule.style[k].parentRule=[object CSSStyleRule]
theRule.style.getPropertyPriority=important
st.getPropertyValue(color):rgb(0, 0, 0)
theRule.style.getPropertyValue=rgb(0, 0, 0)
 ----------
QuickFolders {CSS.DETAIL} 4:30:36.802  [1 ms]	 

=============
Modify item: color
 ----------
QuickFolders {CSS.DETAIL} 4:30:36.801  [8 ms]	 
found relevant style: .quickfolders-flat toolbarbutton.col0[buttonover="true"] > label searching rule color
 ----------
QuickFolders {CSS.DETAIL} 4:30:36.793  [10 ms]	 
setElementStyle( .quickfolders-flat toolbarbutton.col0[buttonover="true"] > label, color, #000000)
 ----------
QuickFolders {CSS.DETAIL} 4:30:36.783  [0 ms]	 
setElementStyle( .quickfolders-flat toolbarbutton:not(#QuickFolders-CurrentFolder):hover > label, color, #000000)
 ----------
QuickFolders {CSS.DETAIL} 4:30:36.783  [0 ms]	 

theRule.style[k]=background-image
theRule.style[k].parentRule=[object CSSStyleRule]
theRule.style.getPropertyPriority=important
st.getPropertyValue(background-image):none
theRule.style.getPropertyValue=none
 ----------
QuickFolders {CSS.DETAIL} 4:30:36.783  [0 ms]	 

=============
Modify item: background-image
 ----------
QuickFolders {CSS.DETAIL} 4:30:36.783  [0 ms]	 
found relevant style: .quickfolders-flat toolbarbutton.col0:hover searching rule background-image
 ----------
QuickFolders {CSS.DETAIL} 4:30:36.783  [8 ms]	 
found relevant style: .quickfolders-flat toolbarbutton.col0:hover searching rule background-image
 ----------
QuickFolders {CSS.DETAIL} 4:30:36.775  [0 ms]	 
setElementStyle( .quickfolders-flat toolbarbutton.col0:hover, background-image, none)
 ----------
QuickFolders {CSS.DETAIL} 4:30:36.775  [0 ms]	 

theRule.style[k]=background-image
theRule.style[k].parentRule=[object CSSStyleRule]
theRule.style.getPropertyPriority=important
st.getPropertyValue(background-image):none
theRule.style.getPropertyValue=none
 ----------
QuickFolders {CSS.DETAIL} 4:30:36.775  [1 ms]	 

=============
Modify item: background-image
 ----------
QuickFolders {CSS.DETAIL} 4:30:36.774  [0 ms]	 
found relevant style: .quickfolders-flat toolbarbutton:hover searching rule background-image
 ----------
QuickFolders {CSS.DETAIL} 4:30:36.774  [10 ms]	 
found relevant style: .quickfolders-flat toolbarbutton:hover searching rule background-image
 ----------
QuickFolders {CSS.DETAIL} 4:30:36.764  [0 ms]	 
setElementStyle( .quickfolders-flat toolbarbutton:hover, background-image, none)
 ----------
QuickFolders {CSS.DETAIL} 4:30:36.764  [0 ms]	 

theRule.style[k]=background-color
theRule.style[k].parentRule=[object CSSStyleRule]
theRule.style.getPropertyPriority=important
st.getPropertyValue(background-color):rgb(255, 0, 0)
theRule.style.getPropertyValue=rgb(255, 0, 0)
 ----------
QuickFolders {CSS.DETAIL} 4:30:36.764  [0 ms]	 

=============
Modify item: background-color
 ----------
QuickFolders {CSS.DETAIL} 4:30:36.764  [9 ms]	 
found relevant style: .quickfolders-flat toolbarbutton.col0:hover searching rule background-color
 ----------
QuickFolders {CSS.DETAIL} 4:30:36.755  [1 ms]	 
setElementStyle( .quickfolders-flat toolbarbutton.col0:hover, background-color, #FF0000)
 ----------
QuickFolders {CSS.DETAIL} 4:30:36.754  [0 ms]	 

theRule.style[k]=background-color
theRule.style[k].parentRule=[object CSSStyleRule]
theRule.style.getPropertyPriority=important
st.getPropertyValue(background-color):rgb(255, 0, 0)
theRule.style.getPropertyValue=rgb(255, 0, 0)
 ----------
QuickFolders {CSS.DETAIL} 4:30:36.754  [0 ms]	 

=============
Modify item: background-color
 ----------
QuickFolders {CSS.DETAIL} 4:30:36.754  [10 ms]	 
found relevant style: .quickfolders-flat toolbarbutton:hover searching rule background-color
 ----------
QuickFolders {CSS.DETAIL} 4:30:36.744  [11 ms]	 
setElementStyle( .quickfolders-flat toolbarbutton:hover, background-color, #FF0000)
 ----------
QuickFolders {CSS.DETAIL} 4:30:36.733  [10 ms]	 
setElementStyle( .quickfolders-flat toolbarbutton:not(#QuickFolders-CurrentFolder) > label, color, null)
 ----------
QuickFolders {CSS.DETAIL} 4:30:36.723  [0 ms]	 
setElementStyle( .quickfolders-flat toolbarbutton:not(#QuickFolders-CurrentFolder).col0 > label, color, #FFFFFF)
 ----------
QuickFolders {CSS.DETAIL} 4:30:36.723  [0 ms]	 

theRule.style[k]=background-image
theRule.style[k].parentRule=[object CSSStyleRule]
theRule.style.getPropertyPriority=
st.getPropertyValue(background-image):none
theRule.style.getPropertyValue=none
 ----------
QuickFolders {CSS.DETAIL} 4:30:36.723  [0 ms]	 

=============
Modify item: background-image
 ----------
QuickFolders {CSS.DETAIL} 4:30:36.723  [10 ms]	 
found relevant style: .quickfolders-flat toolbarbutton.col0:not(:-moz-drag-over) searching rule background-image
 ----------
QuickFolders {CSS.DETAIL} 4:30:36.713  [0 ms]	 
setElementStyle( .quickfolders-flat toolbarbutton.col0:not(:-moz-drag-over), background-image, none)
 ----------
QuickFolders {CSS.DETAIL} 4:30:36.713  [0 ms]	 

theRule.style[k]=background-color
theRule.style[k].parentRule=[object CSSStyleRule]
theRule.style.getPropertyPriority=important
st.getPropertyValue(background-color):rgba(192, 192, 192, 0.25)
theRule.style.getPropertyValue=rgba(192, 192, 192, 0.25)
 ----------
QuickFolders {CSS.DETAIL} 4:30:36.713  [0 ms]	 

=============
Modify item: background-color
 ----------
QuickFolders {CSS.DETAIL} 4:30:36.713  [8 ms]	 
found relevant style: .quickfolders-flat toolbarbutton#QuickFolders-CurrentFolder searching rule background-color
 ----------
QuickFolders {CSS.DETAIL} 4:30:36.705  [0 ms]	 
setElementStyle( .quickfolders-flat toolbarbutton#QuickFolders-CurrentFolder, background-color, rgba(192,192,192,0.25))
 ----------
QuickFolders {CSS.DETAIL} 4:30:36.705  [0 ms]	 

theRule.style[k]=background-color
theRule.style[k].parentRule=[object CSSStyleRule]
theRule.style.getPropertyPriority=important
st.getPropertyValue(background-color):rgba(192, 192, 192, 0.25)
theRule.style.getPropertyValue=rgba(192, 192, 192, 0.25)
 ----------
QuickFolders {CSS.DETAIL} 4:30:36.705  [0 ms]	 

=============
Modify item: background-color
 ----------
QuickFolders {CSS.DETAIL} 4:30:36.705  [1 ms]	 
found relevant style: .quickfolders-flat toolbarbutton searching rule background-color
 ----------
QuickFolders {CSS.DETAIL} 4:30:36.704  [0 ms]	 
found relevant style: .quickfolders-flat toolbarbutton searching rule background-color
 ----------
QuickFolders {CSS.DETAIL} 4:30:36.704  [0 ms]	 
found relevant style: .quickfolders-flat toolbarbutton searching rule background-color
 ----------
QuickFolders {CSS.DETAIL} 4:30:36.704  [0 ms]	 
found relevant style: .quickfolders-flat toolbarbutton searching rule background-color
 ----------
QuickFolders {CSS.DETAIL} 4:30:36.704  [7 ms]	 
found relevant style: .quickfolders-flat toolbarbutton searching rule background-color
 ----------
QuickFolders {CSS.DETAIL} 4:30:36.697  [1 ms]	 
setElementStyle( .quickfolders-flat toolbarbutton, background-color, rgba(192,192,192,0.25))
 ----------
QuickFolders {CSS.DETAIL} 4:30:36.696  [0 ms]	 

theRule.style[k]=color
theRule.style[k].parentRule=[object CSSStyleRule]
theRule.style.getPropertyPriority=important
st.getPropertyValue(color):rgb(0, 0, 0)
theRule.style.getPropertyValue=rgb(0, 0, 0)
 ----------
QuickFolders {CSS.DETAIL} 4:30:36.696  [1 ms]	 

=============
Modify item: color
 ----------
QuickFolders {CSS.DETAIL} 4:30:36.695  [15 ms]	 
found relevant style: .quickfolders-flat .selected-folder > label searching rule color
 ----------
QuickFolders {CSS.DETAIL} 4:30:36.680  [0 ms]	 
setElementStyle( .quickfolders-flat .selected-folder > label, color, #000000)
 ----------
QuickFolders {CSS.DETAIL} 4:30:36.680  [0 ms]	 

theRule.style[k]=background-image
theRule.style[k].parentRule=[object CSSStyleRule]
theRule.style.getPropertyPriority=important
st.getPropertyValue(background-image):linear-gradient(to bottom, rgb(37, 245, 231) 0%, rgb(9, 205, 188) 15%, rgb(2, 136, 125) 51%, rgb(5, 108, 117) 100%)
theRule.style.getPropertyValue=linear-gradient(to bottom, rgb(37, 245, 231) 0%, rgb(9, 205, 188) 15%, rgb(2, 136, 125) 51%, rgb(5, 108, 117) 100%)
 ----------
QuickFolders {CSS.DETAIL} 4:30:36.680  [0 ms]	 

=============
Modify item: background-image
 ----------
QuickFolders {CSS.DETAIL} 4:30:36.680  [11 ms]	 
found relevant style: .quickfolders-flat .selected-folder searching rule background-image
 ----------
QuickFolders {CSS.DETAIL} 4:30:36.669  [0 ms]	 
setElementStyle( .quickfolders-flat .selected-folder, background-image, linear-gradient(to bottom, rgb(37, 245, 231) 0%, rgb(9, 205, 188) 15%, rgb(2, 136, 125) 51%, rgb(5, 108, 117) 100%))
 ----------
QuickFolders {CSS.DETAIL} 4:30:36.669  [0 ms]	 
attribute Found:
background-image : linear-gradient(to bottom, rgb(37, 245, 231) 0%, rgb(9, 205, 188) 15%, rgb(2, 136, 125) 51%, rgb(5, 108, 117) 100%)
 ----------
QuickFolders {CSS.DETAIL} 4:30:36.669  [2 ms]	 
found relevant style: #folderTree treechildren.col5::-moz-tree-cell-text, .quickfolders-pills .col5.selected-folder, .quickfolders-pills .col5:hover, .quickfolders-flat .col5, .quickfolders-flat .selected-folder.cActive5[selected], menuitem[tag="qfColor5"] searching rule background-image
 ----------
QuickFolders {CSS.DETAIL} 4:30:36.667  [0 ms]	 
getElementStyle( .quickfolders-flat .col5, background-image)
 ----------
QuickFolders {CSS.DETAIL} 4:30:36.667  [0 ms]	 

theRule.style[k]=border-bottom-color
theRule.style[k].parentRule=[object CSSStyleRule]
theRule.style.getPropertyPriority=important
st.getPropertyValue(border-bottom-color):rgb(102, 255, 255)
theRule.style.getPropertyValue=rgb(102, 255, 255)
 ----------
QuickFolders {CSS.DETAIL} 4:30:36.667  [0 ms]	 

=============
Modify item: border-bottom-color
 ----------
QuickFolders {CSS.DETAIL} 4:30:36.667  [8 ms]	 
found relevant style: toolbar.quickfolders-flat searching rule border-bottom-color
 ----------
QuickFolders {CSS.DETAIL} 4:30:36.659  [0 ms]	 
setElementStyle( toolbar.quickfolders-flat, border-bottom-color, #66FFFF)
 ----------
QuickFolders {CSS.DETAIL} 4:30:36.659  [0 ms]	 

theRule.style[k]=box-shadow
theRule.style[k].parentRule=[object CSSStyleRule]
theRule.style.getPropertyPriority=important
st.getPropertyValue(box-shadow):0px 0px 2px -1px rgba(0, 0, 0, 0.9)
theRule.style.getPropertyValue=0px 0px 2px -1px rgba(0, 0, 0, 0.9)
 ----------
QuickFolders {CSS.DETAIL} 4:30:36.659  [0 ms]	 

=============
Modify item: box-shadow
 ----------
QuickFolders {CSS.DETAIL} 4:30:36.659  [8 ms]	 
found relevant style: .quickfolders-flat .folderBarContainer toolbarbutton:hover searching rule box-shadow
 ----------
QuickFolders {CSS.DETAIL} 4:30:36.651  [0 ms]	 
setElementStyle( .quickfolders-flat .folderBarContainer toolbarbutton:hover, box-shadow, 0px 0px 2px -1px rgba(0,0,0,0.9))
 ----------
QuickFolders {CSS.DETAIL} 4:30:36.651  [0 ms]	 

theRule.style[k]=box-shadow
theRule.style[k].parentRule=[object CSSStyleRule]
theRule.style.getPropertyPriority=important
st.getPropertyValue(box-shadow):0px 0px 2px -1px rgba(0, 0, 0, 0.9)
theRule.style.getPropertyValue=0px 0px 2px -1px rgba(0, 0, 0, 0.9)
 ----------
QuickFolders {CSS.DETAIL} 4:30:36.651  [0 ms]	 

=============
Modify item: box-shadow
 ----------
QuickFolders {CSS.DETAIL} 4:30:36.651  [9 ms]	 
found relevant style: .quickfolders-flat .folderBarContainer toolbarbutton.selected-folder searching rule box-shadow
 ----------
QuickFolders {CSS.DETAIL} 4:30:36.642  [0 ms]	 
setElementStyle( .quickfolders-flat .folderBarContainer toolbarbutton.selected-folder, box-shadow, 0px 0px 2px -1px rgba(0,0,0,0.9))
 ----------
QuickFolders {CSS.DETAIL} 4:30:36.642  [0 ms]	 

theRule.style[k]=box-shadow
theRule.style[k].parentRule=[object CSSStyleRule]
theRule.style.getPropertyPriority=important
st.getPropertyValue(box-shadow):1px -1px 3px -1px rgba(0, 0, 0, 0.7)
theRule.style.getPropertyValue=1px -1px 3px -1px rgba(0, 0, 0, 0.7)
 ----------
QuickFolders {CSS.DETAIL} 4:30:36.642  [1 ms]	 

=============
Modify item: box-shadow
 ----------
QuickFolders {CSS.DETAIL} 4:30:36.641  [8 ms]	 
found relevant style: .quickfolders-flat .folderBarContainer toolbarbutton searching rule box-shadow
 ----------
QuickFolders {CSS.DETAIL} 4:30:36.633  [9 ms]	 
setElementStyle( .quickfolders-flat .folderBarContainer toolbarbutton, box-shadow, 1px -1px 3px -1px rgba(0,0,0,0.7))
 ----------
QuickFolders {CSS.DETAIL} 4:30:36.624  [1 ms]	 
setElementStyle( .quickfolders-flat toolbarbutton[background-image].selected-folder, border-bottom-color, #66FFFF)
 ----------
Warning: Unknown property '-moz-border-radius-bottomright'.  Declaration dropped.
Source file: chrome://quickfolders/content/quickfolders-seamonkey.css
 ----------
QuickFolders {CSS.DETAIL} 4:30:36.623  [0 ms]	 
found relevant style: .quickfolders-flat toolbarbutton searching rule -moz-border-radius-bottomright
 ----------
QuickFolders {CSS.DETAIL} 4:30:36.623  [0 ms]	 
found relevant style: .quickfolders-flat toolbarbutton searching rule -moz-border-radius-bottomright
 ----------
QuickFolders {CSS.DETAIL} 4:30:36.623  [0 ms]	 
found relevant style: .quickfolders-flat toolbarbutton searching rule -moz-border-radius-bottomright
 ----------
QuickFolders {CSS.DETAIL} 4:30:36.623  [1 ms]	 
found relevant style: .quickfolders-flat toolbarbutton searching rule -moz-border-radius-bottomright
 ----------
QuickFolders {CSS.DETAIL} 4:30:36.622  [0 ms]	 
found relevant style: .quickfolders-flat toolbarbutton searching rule -moz-border-radius-bottomright
 ----------
QuickFolders {CSS.DETAIL} 4:30:36.622  [0 ms]	 
found relevant style: .quickfolders-flat toolbarbutton searching rule -moz-border-radius-bottomright
 ----------
QuickFolders {CSS.DETAIL} 4:30:36.622  [0 ms]	 
found relevant style: .quickfolders-flat toolbarbutton searching rule -moz-border-radius-bottomright
 ----------
QuickFolders {CSS.DETAIL} 4:30:36.622  [8 ms]	 
found relevant style: .quickfolders-flat toolbarbutton searching rule -moz-border-radius-bottomright
 ----------
QuickFolders {CSS.DETAIL} 4:30:36.614  [0 ms]	 
setElementStyle( .quickfolders-flat toolbarbutton, -moz-border-radius-bottomright, 0px)
 ----------
Warning: Unknown property '-moz-border-radius-bottomleft'.  Declaration dropped.
Source file: chrome://quickfolders/content/quickfolders-seamonkey.css
 ----------
QuickFolders {CSS.DETAIL} 4:30:36.614  [0 ms]	 
found relevant style: .quickfolders-flat toolbarbutton searching rule -moz-border-radius-bottomleft
 ----------
QuickFolders {CSS.DETAIL} 4:30:36.614  [1 ms]	 
found relevant style: .quickfolders-flat toolbarbutton searching rule -moz-border-radius-bottomleft
 ----------
QuickFolders {CSS.DETAIL} 4:30:36.613  [0 ms]	 
found relevant style: .quickfolders-flat toolbarbutton searching rule -moz-border-radius-bottomleft
 ----------
QuickFolders {CSS.DETAIL} 4:30:36.613  [1 ms]	 
found relevant style: .quickfolders-flat toolbarbutton searching rule -moz-border-radius-bottomleft
 ----------
QuickFolders {CSS.DETAIL} 4:30:36.612  [0 ms]	 
found relevant style: .quickfolders-flat toolbarbutton searching rule -moz-border-radius-bottomleft
 ----------
QuickFolders {CSS.DETAIL} 4:30:36.612  [0 ms]	 
found relevant style: .quickfolders-flat toolbarbutton searching rule -moz-border-radius-bottomleft
 ----------
QuickFolders {CSS.DETAIL} 4:30:36.612  [9 ms]	 
found relevant style: .quickfolders-flat toolbarbutton searching rule -moz-border-radius-bottomleft
 ----------
QuickFolders {CSS.DETAIL} 4:30:36.603  [0 ms]	 
setElementStyle( .quickfolders-flat toolbarbutton, -moz-border-radius-bottomleft, 0px)
 ----------
Warning: Unknown property '-moz-border-radius-topright'.  Declaration dropped.
Source file: chrome://quickfolders/content/quickfolders-seamonkey.css
 ----------
QuickFolders {CSS.DETAIL} 4:30:36.603  [1 ms]	 
found relevant style: .quickfolders-flat toolbarbutton searching rule -moz-border-radius-topright
 ----------
QuickFolders {CSS.DETAIL} 4:30:36.602  [0 ms]	 
found relevant style: .quickfolders-flat toolbarbutton searching rule -moz-border-radius-topright
 ----------
QuickFolders {CSS.DETAIL} 4:30:36.602  [0 ms]	 
found relevant style: .quickfolders-flat toolbarbutton searching rule -moz-border-radius-topright
 ----------
QuickFolders {CSS.DETAIL} 4:30:36.602  [0 ms]	 
found relevant style: .quickfolders-flat toolbarbutton searching rule -moz-border-radius-topright
 ----------
QuickFolders {CSS.DETAIL} 4:30:36.602  [1 ms]	 
found relevant style: .quickfolders-flat toolbarbutton searching rule -moz-border-radius-topright
 ----------
QuickFolders {CSS.DETAIL} 4:30:36.601  [7 ms]	 
found relevant style: .quickfolders-flat toolbarbutton searching rule -moz-border-radius-topright
 ----------
QuickFolders {CSS.DETAIL} 4:30:36.594  [0 ms]	 
setElementStyle( .quickfolders-flat toolbarbutton, -moz-border-radius-topright, 4px)
 ----------
Warning: Unknown property '-moz-border-radius-topleft'.  Declaration dropped.
Source file: chrome://quickfolders/content/quickfolders-seamonkey.css
 ----------
QuickFolders {CSS.DETAIL} 4:30:36.594  [1 ms]	 
found relevant style: .quickfolders-flat toolbarbutton searching rule -moz-border-radius-topleft
 ----------
QuickFolders {CSS.DETAIL} 4:30:36.593  [0 ms]	 
found relevant style: .quickfolders-flat toolbarbutton searching rule -moz-border-radius-topleft
 ----------
QuickFolders {CSS.DETAIL} 4:30:36.593  [0 ms]	 
found relevant style: .quickfolders-flat toolbarbutton searching rule -moz-border-radius-topleft
 ----------
QuickFolders {CSS.DETAIL} 4:30:36.593  [0 ms]	 
found relevant style: .quickfolders-flat toolbarbutton searching rule -moz-border-radius-topleft
 ----------
QuickFolders {CSS.DETAIL} 4:30:36.593  [9 ms]	 
found relevant style: .quickfolders-flat toolbarbutton searching rule -moz-border-radius-topleft
 ----------
QuickFolders {CSS.DETAIL} 4:30:36.584  [9 ms]	 
setElementStyle( .quickfolders-flat toolbarbutton, -moz-border-radius-topleft, 4px)
 ----------
QuickFolders {CSS.DETAIL} 4:30:36.575  [0 ms]	 
setElementStyle( .quickfolders-flat toolbarbutton[background-image].selected-folder, border-bottom-color, #66FFFF)
 ----------
QuickFolders {CSS.DETAIL} 4:30:36.575  [1 ms]	 
found relevant style: .quickfolders-flat toolbarbutton searching rule -moz-transition-property
 ----------
QuickFolders {CSS.DETAIL} 4:30:36.574  [0 ms]	 
found relevant style: .quickfolders-flat toolbarbutton searching rule -moz-transition-property
 ----------
QuickFolders {CSS.DETAIL} 4:30:36.574  [0 ms]	 
found relevant style: .quickfolders-flat toolbarbutton searching rule -moz-transition-property
 ----------
QuickFolders {CSS.DETAIL} 4:30:36.574  [0 ms]	 
found relevant style: .quickfolders-flat toolbarbutton searching rule -moz-transition-property
 ----------
QuickFolders {CSS.DETAIL} 4:30:36.574  [7 ms]	 
found relevant style: .quickfolders-flat toolbarbutton searching rule -moz-transition-property
 ----------
QuickFolders {CSS.DETAIL} 4:30:36.567  [1 ms]	 
setElementStyle( .quickfolders-flat toolbarbutton, -moz-transition-property, null)
 ----------
QuickFolders {CSS.DETAIL} 4:30:36.566  [0 ms]	 
found relevant style: .quickfolders-flat toolbarbutton searching rule -moz-transition-duration
 ----------
QuickFolders {CSS.DETAIL} 4:30:36.566  [0 ms]	 
found relevant style: .quickfolders-flat toolbarbutton searching rule -moz-transition-duration
 ----------
QuickFolders {CSS.DETAIL} 4:30:36.566  [1 ms]	 
found relevant style: .quickfolders-flat toolbarbutton searching rule -moz-transition-duration
 ----------
QuickFolders {CSS.DETAIL} 4:30:36.565  [0 ms]	 
found relevant style: .quickfolders-flat toolbarbutton searching rule -moz-transition-duration
 ----------
QuickFolders {CSS.DETAIL} 4:30:36.565  [8 ms]	 
found relevant style: .quickfolders-flat toolbarbutton searching rule -moz-transition-duration
 ----------
QuickFolders {CSS.DETAIL} 4:30:36.557  [0 ms]	 
setElementStyle( .quickfolders-flat toolbarbutton, -moz-transition-duration, null)
 ----------
QuickFolders 4:30:36.557  [0 ms]	 
updateUserStyles() - missing style sheet 'chrome://quickfolders/content/qf_palette_legacy16.css' - not found = not attempting any style modifications.
 ----------
QuickFolders 4:30:36.557  [1 ms]	 
Can not find style sheet: chrome://quickfolders/content/qf_palette_legacy16.css -  in chrome://messenger/content/messenger.xul
win.doc.title=Junk - Local Folders - SeaMonkey
doc.documentURI=chrome://messenger/content/messenger.xul
 ----------
QuickFolders {CSS.STYLESHEETS} 4:30:36.556  [2 ms]	 
41 StyleSheets found:
0. chrome://messenger/skin/mailWindow1.css
1. chrome://messenger/skin/threadPane.css
2. chrome://messenger/skin/threadPaneExtras.css
3. chrome://messenger/skin/threadPaneLabels.css
4. chrome://messenger/skin/folderPane.css
5. chrome://messenger/skin/folderPaneExtras.css
6. chrome://messenger/skin/folderMenus.css
7. chrome://communicator/skin/tasksOverlay.css
8. chrome://charpick/content/style.css
9. chrome://messenger/skin/messageHeader.css
10. chrome://messenger/skin/messageKeywords.css
11. chrome://messenger/skin/smime/msgReadSMIMEOverlay.css
12. chrome://sqlitemanager/skin/smoverlay.css
13. chrome://inspectorwidget/skin/inspectorwidget_tb.css
14. chrome://quickmenu/skin/overlay.css
15. chrome://console2/skin/toolbar.css
16. chrome://console2/skin/toolbar.css
17. chrome://console2/content/seamonkey.css
18. chrome://dispmua/skin/dismua.css
19. chrome://replytolist/skin/replytolist.css
20. chrome://quickfolders/content/quickfolders-seamonkey.css [QuickFolderStyles]
21. chrome://quickfolders/skin/quickfolders-palettes.css [QuickFolderPalettes]
22. chrome://livehttpheaders/skin/livehttpheaders.css
23. chrome://venkman/skin/venkman-overlay.css
24. chrome://messenger/skin/smime/msgHdrViewSMIMEOverlay.css
25. chrome://mailinglistheader/skin/mailinglistheader.css
26. chrome://viewsourcewith/skin/viewsourcewith.css
27. chrome://chatzilla/skin/chatzillaOverlay.css
28. chrome://viewsourcewith/skin/viewsourcewith.css
29. chrome://launchy/skin/main.css
30. chrome://nightly/skin/browser.css
31. chrome://removedupes/skin/removedupes-button.css
32. chrome://removedupes/skin/removedupes-messenger.css
33. chrome://savedpasswordeditor/skin/overlay.css
34. chrome://savedpasswordeditor/skin/overlay-sm.css
35. chrome://inspectorwidget/skin/inspectorwidget_tb.css
36. chrome://launchy/skin/main.css
37. chrome://quickfolders/content/quickfolders-seamonkey.css
38. chrome://quickfolders/content/quickfolders-filters.css
39. chrome://elemhidehelper/skin/overlay.css
40. chrome://adblockplus/skin/overlay.css

 ----------
QuickFolders 4:30:36.554  [0 ms]	 
Can not find style sheet: chrome://quickfolders/content/qf_palette_legacy16.css -  in chrome://messenger/content/messenger.xul
win.doc.title=Junk - Local Folders - SeaMonkey
doc.documentURI=chrome://messenger/content/messenger.xul
 ----------
QuickFolders {CSS.STYLESHEETS} 4:30:36.554  [2 ms]	 
41 StyleSheets found:
0. chrome://messenger/skin/mailWindow1.css
1. chrome://messenger/skin/threadPane.css
2. chrome://messenger/skin/threadPaneExtras.css
3. chrome://messenger/skin/threadPaneLabels.css
4. chrome://messenger/skin/folderPane.css
5. chrome://messenger/skin/folderPaneExtras.css
6. chrome://messenger/skin/folderMenus.css
7. chrome://communicator/skin/tasksOverlay.css
8. chrome://charpick/content/style.css
9. chrome://messenger/skin/messageHeader.css
10. chrome://messenger/skin/messageKeywords.css
11. chrome://messenger/skin/smime/msgReadSMIMEOverlay.css
12. chrome://sqlitemanager/skin/smoverlay.css
13. chrome://inspectorwidget/skin/inspectorwidget_tb.css
14. chrome://quickmenu/skin/overlay.css
15. chrome://console2/skin/toolbar.css
16. chrome://console2/skin/toolbar.css
17. chrome://console2/content/seamonkey.css
18. chrome://dispmua/skin/dismua.css
19. chrome://replytolist/skin/replytolist.css
20. chrome://quickfolders/content/quickfolders-seamonkey.css [QuickFolderStyles]
21. chrome://quickfolders/skin/quickfolders-palettes.css [QuickFolderPalettes]
22. chrome://livehttpheaders/skin/livehttpheaders.css
23. chrome://venkman/skin/venkman-overlay.css
24. chrome://messenger/skin/smime/msgHdrViewSMIMEOverlay.css
25. chrome://mailinglistheader/skin/mailinglistheader.css
26. chrome://viewsourcewith/skin/viewsourcewith.css
27. chrome://chatzilla/skin/chatzillaOverlay.css
28. chrome://viewsourcewith/skin/viewsourcewith.css
29. chrome://launchy/skin/main.css
30. chrome://nightly/skin/browser.css
31. chrome://removedupes/skin/removedupes-button.css
32. chrome://removedupes/skin/removedupes-messenger.css
33. chrome://savedpasswordeditor/skin/overlay.css
34. chrome://savedpasswordeditor/skin/overlay-sm.css
35. chrome://inspectorwidget/skin/inspectorwidget_tb.css
36. chrome://launchy/skin/main.css
37. chrome://quickfolders/content/quickfolders-seamonkey.css
38. chrome://quickfolders/content/quickfolders-filters.css
39. chrome://elemhidehelper/skin/overlay.css
40. chrome://adblockplus/skin/overlay.css

 ----------
QuickFolders {CSS} 4:30:36.552  [0 ms]	 
ensureStyleSheetLoaded(Name: chrome://quickfolders/content/qf_palette_legacy16.css, Title: )
 ----------
QuickFolders 4:30:36.552  [0 ms]	 
Can not find style sheet: chrome://quickfolders/content/qf_palette_legacy16.css -  in chrome://messenger/content/messenger.xul
win.doc.title=Junk - Local Folders - SeaMonkey
doc.documentURI=chrome://messenger/content/messenger.xul
 ----------
QuickFolders {CSS.STYLESHEETS} 4:30:36.552  [2 ms]	 
41 StyleSheets found:
0. chrome://messenger/skin/mailWindow1.css
1. chrome://messenger/skin/threadPane.css
2. chrome://messenger/skin/threadPaneExtras.css
3. chrome://messenger/skin/threadPaneLabels.css
4. chrome://messenger/skin/folderPane.css
5. chrome://messenger/skin/folderPaneExtras.css
6. chrome://messenger/skin/folderMenus.css
7. chrome://communicator/skin/tasksOverlay.css
8. chrome://charpick/content/style.css
9. chrome://messenger/skin/messageHeader.css
10. chrome://messenger/skin/messageKeywords.css
11. chrome://messenger/skin/smime/msgReadSMIMEOverlay.css
12. chrome://sqlitemanager/skin/smoverlay.css
13. chrome://inspectorwidget/skin/inspectorwidget_tb.css
14. chrome://quickmenu/skin/overlay.css
15. chrome://console2/skin/toolbar.css
16. chrome://console2/skin/toolbar.css
17. chrome://console2/content/seamonkey.css
18. chrome://dispmua/skin/dismua.css
19. chrome://replytolist/skin/replytolist.css
20. chrome://quickfolders/content/quickfolders-seamonkey.css [QuickFolderStyles]
21. chrome://quickfolders/skin/quickfolders-palettes.css [QuickFolderPalettes]
22. chrome://livehttpheaders/skin/livehttpheaders.css
23. chrome://venkman/skin/venkman-overlay.css
24. chrome://messenger/skin/smime/msgHdrViewSMIMEOverlay.css
25. chrome://mailinglistheader/skin/mailinglistheader.css
26. chrome://viewsourcewith/skin/viewsourcewith.css
27. chrome://chatzilla/skin/chatzillaOverlay.css
28. chrome://viewsourcewith/skin/viewsourcewith.css
29. chrome://launchy/skin/main.css
30. chrome://nightly/skin/browser.css
31. chrome://removedupes/skin/removedupes-button.css
32. chrome://removedupes/skin/removedupes-messenger.css
33. chrome://savedpasswordeditor/skin/overlay.css
34. chrome://savedpasswordeditor/skin/overlay-sm.css
35. chrome://inspectorwidget/skin/inspectorwidget_tb.css
36. chrome://launchy/skin/main.css
37. chrome://quickfolders/content/quickfolders-seamonkey.css
38. chrome://quickfolders/content/quickfolders-filters.css
39. chrome://elemhidehelper/skin/overlay.css
40. chrome://adblockplus/skin/overlay.css

 ----------
QuickFolders {CSS.STYLESHEETS} 4:30:36.550  [0 ms]	 
41 StyleSheets found:
0. chrome://messenger/skin/mailWindow1.css
1. chrome://messenger/skin/threadPane.css
2. chrome://messenger/skin/threadPaneExtras.css
3. chrome://messenger/skin/threadPaneLabels.css
4. chrome://messenger/skin/folderPane.css
5. chrome://messenger/skin/folderPaneExtras.css
6. chrome://messenger/skin/folderMenus.css
7. chrome://communicator/skin/tasksOverlay.css
8. chrome://charpick/content/style.css
9. chrome://messenger/skin/messageHeader.css
10. chrome://messenger/skin/messageKeywords.css
11. chrome://messenger/skin/smime/msgReadSMIMEOverlay.css
12. chrome://sqlitemanager/skin/smoverlay.css
13. chrome://inspectorwidget/skin/inspectorwidget_tb.css
14. chrome://quickmenu/skin/overlay.css
15. chrome://console2/skin/toolbar.css
16. chrome://console2/skin/toolbar.css
17. chrome://console2/content/seamonkey.css
18. chrome://dispmua/skin/dismua.css
19. chrome://replytolist/skin/replytolist.css
20. chrome://quickfolders/content/quickfolders-seamonkey.css [QuickFolderStyles]

 ----------
QuickFolders {CSS.STYLESHEETS} 4:30:36.550  [1 ms]	 
============================================
getMyStyleSheet (quickfolders-layout.css,QuickFolderStyles) [20, QuickFolderStyles] =chrome://quickfolders/content/quickfolders-seamonkey.css
win.doc.title   =Junk - Local Folders - SeaMonkey
doc.title       =Junk - Local Folders - SeaMonkey
window.location =chrome://messenger/content/messenger.xul
============================================
 ----------
QuickFolders {CSS} 4:30:36.549  [1 ms]	 
updateMainWindow: update User Styles...
 ----------
QuickFolders 4:30:36.548  [10 ms]	 
14 of 14 tabs rendered on toolbar.
 ----------
QuickFolders {CSS.PALETTE} 4:30:36.538  [6 ms]	 
initElementPastel(element: menupopup
target: toolbarbutton)  Pastel = false
 ----------
QuickFolders {CSS.PALETTE} 4:30:36.532  [10 ms]	 
initElementPastel(element: menupopup
target: toolbarbutton)  Pastel = false
 ----------
QuickFolders {CSS.PALETTE} 4:30:36.522  [8 ms]	 
initElementPastel(element: menupopup
target: toolbarbutton)  Pastel = false
 ----------
QuickFolders {CSS.PALETTE} 4:30:36.514  [7 ms]	 
initElementPastel(element: menupopup
target: toolbarbutton)  Pastel = false
 ----------
QuickFolders {CSS.PALETTE} 4:30:36.507  [8 ms]	 
initElementPastel(element: menupopup
target: toolbarbutton)  Pastel = false
 ----------
QuickFolders {CSS.PALETTE} 4:30:36.499  [6 ms]	 
initElementPastel(element: menupopup
target: toolbarbutton)  Pastel = false
 ----------
QuickFolders {CSS.PALETTE} 4:30:36.493  [7 ms]	 
initElementPastel(element: menupopup
target: toolbarbutton)  Pastel = false
 ----------
QuickFolders {CSS.PALETTE} 4:30:36.486  [8 ms]	 
initElementPastel(element: menupopup
target: toolbarbutton)  Pastel = false
 ----------
QuickFolders {CSS.PALETTE} 4:30:36.478  [8 ms]	 
initElementPastel(element: menupopup
target: toolbarbutton)  Pastel = false
 ----------
QuickFolders {CSS.PALETTE} 4:30:36.470  [7 ms]	 
initElementPastel(element: menupopup
target: toolbarbutton)  Pastel = false
 ----------
QuickFolders {CSS.PALETTE} 4:30:36.463  [8 ms]	 
initElementPastel(element: menupopup
target: toolbarbutton)  Pastel = false
 ----------
QuickFolders {CSS.PALETTE} 4:30:36.455  [7 ms]	 
initElementPastel(element: menupopup
target: toolbarbutton)  Pastel = false
 ----------
QuickFolders {CSS.PALETTE} 4:30:36.448  [9 ms]	 
initElementPastel(element: menupopup
target: toolbarbutton)  Pastel = false
 ----------
QuickFolders {CSS.PALETTE} 4:30:36.439  [4 ms]	 
initElementPastel(element: menupopup
target: toolbarbutton)  Pastel = false
 ----------
QuickFolders 4:30:36.435  [0 ms]	 
No Categories defined, hiding Categories box.
 ----------
QuickFolders 4:30:36.435  [6 ms]	 
updateCategories() - [0 Categories]
 ----------
QuickFolders 4:30:36.429  [1 ms]	 
updateFolders(rebuildCategories: true, minimal: false) - Number of Folders = 14
 ----------
QuickFolders {CSS} 4:30:36.428  [0 ms]	 
updateMainWindow: update Folders...
 ----------
QuickFolders {CSS} 4:30:36.428  [0 ms]	 
============================
updateMainWindow...
 ----------
QuickFolders 4:30:36.428  [14 ms]	 
14 of 14 tabs rendered on toolbar.
 ----------
QuickFolders {CSS.PALETTE} 4:30:36.414  [9 ms]	 
initElementPastel(element: menupopup
target: toolbarbutton)  Pastel = false
 ----------
QuickFolders {CSS.PALETTE} 4:30:36.405  [11 ms]	 
initElementPastel(element: menupopup
target: toolbarbutton)  Pastel = false
 ----------
QuickFolders {CSS.PALETTE} 4:30:36.394  [13 ms]	 
initElementPastel(element: menupopup
target: toolbarbutton)  Pastel = false
 ----------
QuickFolders {CSS.PALETTE} 4:30:36.381  [11 ms]	 
initElementPastel(element: menupopup
target: toolbarbutton)  Pastel = false
 ----------
QuickFolders {CSS.PALETTE} 4:30:36.370  [11 ms]	 
initElementPastel(element: menupopup
target: toolbarbutton)  Pastel = false
 ----------
QuickFolders {CSS.PALETTE} 4:30:36.359  [10 ms]	 
initElementPastel(element: menupopup
target: toolbarbutton)  Pastel = false
 ----------
QuickFolders {CSS.PALETTE} 4:30:36.349  [9 ms]	 
initElementPastel(element: menupopup
target: toolbarbutton)  Pastel = false
 ----------
QuickFolders {CSS.PALETTE} 4:30:36.340  [14 ms]	 
initElementPastel(element: menupopup
target: toolbarbutton)  Pastel = false
 ----------
QuickFolders {CSS.PALETTE} 4:30:36.326  [8 ms]	 
initElementPastel(element: menupopup
target: toolbarbutton)  Pastel = false
 ----------
QuickFolders {CSS.PALETTE} 4:30:36.318  [12 ms]	 
initElementPastel(element: menupopup
target: toolbarbutton)  Pastel = false
 ----------
QuickFolders {CSS.PALETTE} 4:30:36.306  [10 ms]	 
initElementPastel(element: menupopup
target: toolbarbutton)  Pastel = false
 ----------
QuickFolders {CSS.PALETTE} 4:30:36.296  [8 ms]	 
initElementPastel(element: menupopup
target: toolbarbutton)  Pastel = false
 ----------
QuickFolders {CSS.PALETTE} 4:30:36.288  [11 ms]	 
initElementPastel(element: menupopup
target: toolbarbutton)  Pastel = false
 ----------
QuickFolders {CSS.PALETTE} 4:30:36.277  [5 ms]	 
initElementPastel(element: menupopup
target: toolbarbutton)  Pastel = false
 ----------
QuickFolders 4:30:36.272  [1 ms]	 
No Categories defined, hiding Categories box.
 ----------
QuickFolders 4:30:36.271  [2 ms]	 
updateCategories() - [0 Categories]
 ----------
QuickFolders 4:30:36.269  [12 ms]	 
updateFolders(rebuildCategories: true, minimal: false) - Number of Folders = 14
 ----------
QuickFolders 4:30:36.257  [0 ms]	 
last selected Category:__UNCATEGORIZED
 ----------
QuickFolders {CSS} 4:30:36.257  [2 ms]	 
updateUserStyles(): success
 ----------
QuickFolders {CSS.DETAIL} 4:30:36.255  [7 ms]	 
found relevant style: toolbar.quickfolders-flat searching rule background-color
 ----------
QuickFolders {CSS.DETAIL} 4:30:36.248  [9 ms]	 
setElementStyle( toolbar.quickfolders-flat, background-color, transparent)
 ----------
QuickFolders {CSS.DETAIL} 4:30:36.239  [10 ms]	 
setElementStyle( .toolbar, background-color, transparent)
 ----------
QuickFolders {CSS.DETAIL} 4:30:36.229  [0 ms]	 
setElementStyle( .quickfolders-flat toolbarbutton:-moz-drag-over > label, color, #000000)
 ----------
QuickFolders {CSS.DETAIL} 4:30:36.229  [0 ms]	 

theRule.style[k]=background-image
theRule.style[k].parentRule=[object CSSStyleRule]
theRule.style.getPropertyPriority=important
st.getPropertyValue(background-image):none
theRule.style.getPropertyValue=none
 ----------
QuickFolders {CSS.DETAIL} 4:30:36.229  [0 ms]	 

=============
Modify item: background-image
 ----------
QuickFolders {CSS.DETAIL} 4:30:36.229  [7 ms]	 
found relevant style: .quickfolders-flat toolbarbutton:-moz-drag-over searching rule background-image
 ----------
QuickFolders {CSS.DETAIL} 4:30:36.222  [3 ms]	 
setElementStyle( .quickfolders-flat toolbarbutton:-moz-drag-over, background-image, none)
 ----------
QuickFolders {CSS.DETAIL} 4:30:36.219  [6 ms]	 
found relevant style: .quickfolders-flat toolbarbutton:-moz-drag-over searching rule background-color
 ----------
QuickFolders {CSS.DETAIL} 4:30:36.213  [9 ms]	 
setElementStyle( .quickfolders-flat toolbarbutton:-moz-drag-over, background-color, #FFFF66)
 ----------
QuickFolders {CSS.DETAIL} 4:30:36.204  [9 ms]	 
setElementStyle( .quickfolders-flat toolbarbutton:not(#QuickFolders-CurrentFolder):hover, background-color, #FF0000)
 ----------
QuickFolders {CSS.DETAIL} 4:30:36.195  [9 ms]	 
setElementStyle( .quickfolders-flat toolbarbutton.col0[buttonover="true"] > label, color, #000000)
 ----------
QuickFolders {CSS.DETAIL} 4:30:36.186  [1 ms]	 
setElementStyle( .quickfolders-flat toolbarbutton:not(#QuickFolders-CurrentFolder):hover > label, color, #000000)
 ----------
QuickFolders {CSS.DETAIL} 4:30:36.185  [7 ms]	 
found relevant style: .quickfolders-flat toolbarbutton.col0:hover searching rule background-image
 ----------
QuickFolders {CSS.DETAIL} 4:30:36.178  [1 ms]	 
setElementStyle( .quickfolders-flat toolbarbutton.col0:hover, background-image, none)
 ----------
QuickFolders {CSS.DETAIL} 4:30:36.177  [9 ms]	 
found relevant style: .quickfolders-flat toolbarbutton:hover searching rule background-image
 ----------
QuickFolders {CSS.DETAIL} 4:30:36.168  [10 ms]	 
setElementStyle( .quickfolders-flat toolbarbutton:hover, background-image, none)
 ----------
QuickFolders {CSS.DETAIL} 4:30:36.158  [8 ms]	 
setElementStyle( .quickfolders-flat toolbarbutton.col0:hover, background-color, #FF0000)
 ----------
QuickFolders {CSS.DETAIL} 4:30:36.150  [9 ms]	 
setElementStyle( .quickfolders-flat toolbarbutton:hover, background-color, #FF0000)
 ----------
QuickFolders {CSS.DETAIL} 4:30:36.141  [9 ms]	 
setElementStyle( .quickfolders-flat toolbarbutton:not(#QuickFolders-CurrentFolder) > label, color, null)
 ----------
QuickFolders {CSS.DETAIL} 4:30:36.132  [9 ms]	 
setElementStyle( .quickfolders-flat toolbarbutton:not(#QuickFolders-CurrentFolder).col0 > label, color, #FFFFFF)
 ----------
QuickFolders {CSS.DETAIL} 4:30:36.123  [9 ms]	 
setElementStyle( .quickfolders-flat toolbarbutton.col0:not(:-moz-drag-over), background-image, none)
 ----------
QuickFolders {CSS.DETAIL} 4:30:36.114  [0 ms]	 
setElementStyle( .quickfolders-flat toolbarbutton#QuickFolders-CurrentFolder, background-color, rgba(192,192,192,0.25))
 ----------
QuickFolders {CSS.DETAIL} 4:30:36.114  [1 ms]	 
found relevant style: .quickfolders-flat toolbarbutton searching rule background-color
 ----------
QuickFolders {CSS.DETAIL} 4:30:36.113  [0 ms]	 
found relevant style: .quickfolders-flat toolbarbutton searching rule background-color
 ----------
QuickFolders {CSS.DETAIL} 4:30:36.113  [0 ms]	 
found relevant style: .quickfolders-flat toolbarbutton searching rule background-color
 ----------
QuickFolders {CSS.DETAIL} 4:30:36.113  [9 ms]	 
found relevant style: .quickfolders-flat toolbarbutton searching rule background-color
 ----------
QuickFolders {CSS.DETAIL} 4:30:36.104  [8 ms]	 
setElementStyle( .quickfolders-flat toolbarbutton, background-color, rgba(192,192,192,0.25))
 ----------
QuickFolders {CSS.DETAIL} 4:30:36.96  [8 ms]	 
setElementStyle( .quickfolders-flat .selected-folder > label, color, #000000)
 ----------
QuickFolders {CSS.DETAIL} 4:30:36.88  [0 ms]	 
setElementStyle( .quickfolders-flat .selected-folder, background-image, linear-gradient(to bottom, rgb(37, 245, 231) 0%, rgb(9, 205, 188) 15%, rgb(2, 136, 125) 51%, rgb(5, 108, 117) 100%))
 ----------
QuickFolders {CSS.DETAIL} 4:30:36.88  [0 ms]	 
attribute Found:
background-image : linear-gradient(to bottom, rgb(37, 245, 231) 0%, rgb(9, 205, 188) 15%, rgb(2, 136, 125) 51%, rgb(5, 108, 117) 100%)
 ----------
QuickFolders {CSS.DETAIL} 4:30:36.88  [3 ms]	 
found relevant style: #folderTree treechildren.col5::-moz-tree-cell-text, .quickfolders-pills .col5.selected-folder, .quickfolders-pills .col5:hover, .quickfolders-flat .col5, .quickfolders-flat .selected-folder.cActive5[selected], menuitem[tag="qfColor5"] searching rule background-image
 ----------
QuickFolders {CSS.DETAIL} 4:30:36.85  [8 ms]	 
getElementStyle( .quickfolders-flat .col5, background-image)
 ----------
QuickFolders {CSS.DETAIL} 4:30:36.77  [8 ms]	 
setElementStyle( toolbar.quickfolders-flat, border-bottom-color, #66FFFF)
 ----------
QuickFolders {CSS.DETAIL} 4:30:36.69  [8 ms]	 
setElementStyle( .quickfolders-flat .folderBarContainer toolbarbutton:hover, box-shadow, 0px 0px 2px -1px rgba(0,0,0,0.9))
 ----------
QuickFolders {CSS.DETAIL} 4:30:36.61  [9 ms]	 
setElementStyle( .quickfolders-flat .folderBarContainer toolbarbutton.selected-folder, box-shadow, 0px 0px 2px -1px rgba(0,0,0,0.9))
 ----------
QuickFolders {CSS.DETAIL} 4:30:36.52  [9 ms]	 
setElementStyle( .quickfolders-flat .folderBarContainer toolbarbutton, box-shadow, 1px -1px 3px -1px rgba(0,0,0,0.7))
 ----------
QuickFolders {CSS.DETAIL} 4:30:36.43  [1 ms]	 
setElementStyle( .quickfolders-flat toolbarbutton[background-image].selected-folder, border-bottom-color, #66FFFF)
 ----------
Warning: Unknown property '-moz-border-radius-bottomright'.  Declaration dropped.
Source file: chrome://quickfolders/content/quickfolders-seamonkey.css
 ----------
QuickFolders {CSS.DETAIL} 4:30:36.42  [0 ms]	 
found relevant style: .quickfolders-flat toolbarbutton searching rule -moz-border-radius-bottomright
 ----------
QuickFolders {CSS.DETAIL} 4:30:36.42  [0 ms]	 
found relevant style: .quickfolders-flat toolbarbutton searching rule -moz-border-radius-bottomright
 ----------
QuickFolders {CSS.DETAIL} 4:30:36.42  [8 ms]	 
found relevant style: .quickfolders-flat toolbarbutton searching rule -moz-border-radius-bottomright
 ----------
QuickFolders {CSS.DETAIL} 4:30:36.34  [0 ms]	 
setElementStyle( .quickfolders-flat toolbarbutton, -moz-border-radius-bottomright, 0px)
 ----------
Warning: Unknown property '-moz-border-radius-bottomleft'.  Declaration dropped.
Source file: chrome://quickfolders/content/quickfolders-seamonkey.css
 ----------
QuickFolders {CSS.DETAIL} 4:30:36.34  [0 ms]	 
found relevant style: .quickfolders-flat toolbarbutton searching rule -moz-border-radius-bottomleft
 ----------
QuickFolders {CSS.DETAIL} 4:30:36.34  [8 ms]	 
found relevant style: .quickfolders-flat toolbarbutton searching rule -moz-border-radius-bottomleft
 ----------
QuickFolders {CSS.DETAIL} 4:30:36.26  [0 ms]	 
setElementStyle( .quickfolders-flat toolbarbutton, -moz-border-radius-bottomleft, 0px)
 ----------
Warning: Unknown property '-moz-border-radius-topright'.  Declaration dropped.
Source file: chrome://quickfolders/content/quickfolders-seamonkey.css
 ----------
QuickFolders {CSS.DETAIL} 4:30:36.26  [12 ms]	 
found relevant style: .quickfolders-flat toolbarbutton searching rule -moz-border-radius-topright
 ----------
QuickFolders {CSS.DETAIL} 4:30:36.14  [7 ms]	 
setElementStyle( .quickfolders-flat toolbarbutton, -moz-border-radius-topright, 4px)
 ----------
Warning: Unknown property '-moz-border-radius-topleft'.  Declaration dropped.
Source file: chrome://quickfolders/content/quickfolders-seamonkey.css
 ----------
QuickFolders {CSS.DETAIL} 4:30:36.7  [9 ms]	 
setElementStyle( .quickfolders-flat toolbarbutton, -moz-border-radius-topleft, 4px)
 ----------
QuickFolders {CSS.DETAIL} 4:30:35.998  [8 ms]	 
setElementStyle( .quickfolders-flat toolbarbutton[background-image].selected-folder, border-bottom-color, #66FFFF)
 ----------
QuickFolders {CSS.DETAIL} 4:30:35.990  [20 ms]	 
setElementStyle( .quickfolders-flat toolbarbutton, -moz-transition-property, null)
 ----------
QuickFolders {CSS.DETAIL} 4:30:35.970  [1 ms]	 
setElementStyle( .quickfolders-flat toolbarbutton, -moz-transition-duration, null)
 ----------
QuickFolders 4:30:35.969  [0 ms]	 
updateUserStyles() - missing style sheet 'chrome://quickfolders/content/qf_palette_legacy16.css' - not found = not attempting any style modifications.
 ----------
QuickFolders 4:30:35.969  [0 ms]	 
Can not find style sheet: chrome://quickfolders/content/qf_palette_legacy16.css -  in chrome://messenger/content/messenger.xul
win.doc.title=Junk - Local Folders - SeaMonkey
doc.documentURI=chrome://messenger/content/messenger.xul
 ----------
QuickFolders {CSS.STYLESHEETS} 4:30:35.969  [116 ms]	 
41 StyleSheets found:
0. chrome://messenger/skin/mailWindow1.css
1. chrome://messenger/skin/threadPane.css
2. chrome://messenger/skin/threadPaneExtras.css
3. chrome://messenger/skin/threadPaneLabels.css
4. chrome://messenger/skin/folderPane.css
5. chrome://messenger/skin/folderPaneExtras.css
6. chrome://messenger/skin/folderMenus.css
7. chrome://communicator/skin/tasksOverlay.css
8. chrome://charpick/content/style.css
9. chrome://messenger/skin/messageHeader.css
10. chrome://messenger/skin/messageKeywords.css
11. chrome://messenger/skin/smime/msgReadSMIMEOverlay.css
12. chrome://sqlitemanager/skin/smoverlay.css
13. chrome://inspectorwidget/skin/inspectorwidget_tb.css
14. chrome://quickmenu/skin/overlay.css
15. chrome://console2/skin/toolbar.css
16. chrome://console2/skin/toolbar.css
17. chrome://console2/content/seamonkey.css
18. chrome://dispmua/skin/dismua.css
19. chrome://replytolist/skin/replytolist.css
20. chrome://quickfolders/content/quickfolders-seamonkey.css [QuickFolderStyles]
21. chrome://quickfolders/skin/quickfolders-palettes.css [QuickFolderPalettes]
22. chrome://livehttpheaders/skin/livehttpheaders.css
23. chrome://venkman/skin/venkman-overlay.css
24. chrome://messenger/skin/smime/msgHdrViewSMIMEOverlay.css
25. chrome://mailinglistheader/skin/mailinglistheader.css
26. chrome://viewsourcewith/skin/viewsourcewith.css
27. chrome://chatzilla/skin/chatzillaOverlay.css
28. chrome://viewsourcewith/skin/viewsourcewith.css
29. chrome://launchy/skin/main.css
30. chrome://nightly/skin/browser.css
31. chrome://removedupes/skin/removedupes-button.css
32. chrome://removedupes/skin/removedupes-messenger.css
33. chrome://savedpasswordeditor/skin/overlay.css
34. chrome://savedpasswordeditor/skin/overlay-sm.css
35. chrome://inspectorwidget/skin/inspectorwidget_tb.css
36. chrome://launchy/skin/main.css
37. chrome://quickfolders/content/quickfolders-seamonkey.css
38. chrome://quickfolders/content/quickfolders-filters.css
39. chrome://elemhidehelper/skin/overlay.css
40. chrome://adblockplus/skin/overlay.css

 ----------
QuickFolders {CSS} 4:30:35.853  [1 ms]	 
=============================================================
style sheet not registered - now loading: [xpconnect wrapped nsIURI]
 ----------
QuickFolders 4:30:35.852  [0 ms]	 
Can not find style sheet: chrome://quickfolders/content/qf_palette_legacy16.css -  in chrome://messenger/content/messenger.xul
win.doc.title=Junk - Local Folders - SeaMonkey
doc.documentURI=chrome://messenger/content/messenger.xul
 ----------
QuickFolders {CSS.STYLESHEETS} 4:30:35.852  [3 ms]	 
41 StyleSheets found:
0. chrome://messenger/skin/mailWindow1.css
1. chrome://messenger/skin/threadPane.css
2. chrome://messenger/skin/threadPaneExtras.css
3. chrome://messenger/skin/threadPaneLabels.css
4. chrome://messenger/skin/folderPane.css
5. chrome://messenger/skin/folderPaneExtras.css
6. chrome://messenger/skin/folderMenus.css
7. chrome://communicator/skin/tasksOverlay.css
8. chrome://charpick/content/style.css
9. chrome://messenger/skin/messageHeader.css
10. chrome://messenger/skin/messageKeywords.css
11. chrome://messenger/skin/smime/msgReadSMIMEOverlay.css
12. chrome://sqlitemanager/skin/smoverlay.css
13. chrome://inspectorwidget/skin/inspectorwidget_tb.css
14. chrome://quickmenu/skin/overlay.css
15. chrome://console2/skin/toolbar.css
16. chrome://console2/skin/toolbar.css
17. chrome://console2/content/seamonkey.css
18. chrome://dispmua/skin/dismua.css
19. chrome://replytolist/skin/replytolist.css
20. chrome://quickfolders/content/quickfolders-seamonkey.css [QuickFolderStyles]
21. chrome://quickfolders/skin/quickfolders-palettes.css [QuickFolderPalettes]
22. chrome://livehttpheaders/skin/livehttpheaders.css
23. chrome://venkman/skin/venkman-overlay.css
24. chrome://messenger/skin/smime/msgHdrViewSMIMEOverlay.css
25. chrome://mailinglistheader/skin/mailinglistheader.css
26. chrome://viewsourcewith/skin/viewsourcewith.css
27. chrome://chatzilla/skin/chatzillaOverlay.css
28. chrome://viewsourcewith/skin/viewsourcewith.css
29. chrome://launchy/skin/main.css
30. chrome://nightly/skin/browser.css
31. chrome://removedupes/skin/removedupes-button.css
32. chrome://removedupes/skin/removedupes-messenger.css
33. chrome://savedpasswordeditor/skin/overlay.css
34. chrome://savedpasswordeditor/skin/overlay-sm.css
35. chrome://inspectorwidget/skin/inspectorwidget_tb.css
36. chrome://launchy/skin/main.css
37. chrome://quickfolders/content/quickfolders-seamonkey.css
38. chrome://quickfolders/content/quickfolders-filters.css
39. chrome://elemhidehelper/skin/overlay.css
40. chrome://adblockplus/skin/overlay.css

 ----------
QuickFolders {CSS} 4:30:35.849  [1 ms]	 
ensureStyleSheetLoaded(Name: chrome://quickfolders/content/qf_palette_legacy16.css, Title: )
 ----------
QuickFolders 4:30:35.848  [0 ms]	 
Can not find style sheet: chrome://quickfolders/content/qf_palette_legacy16.css -  in chrome://messenger/content/messenger.xul
win.doc.title=Junk - Local Folders - SeaMonkey
doc.documentURI=chrome://messenger/content/messenger.xul
 ----------
QuickFolders {CSS.STYLESHEETS} 4:30:35.848  [3 ms]	 
41 StyleSheets found:
0. chrome://messenger/skin/mailWindow1.css
1. chrome://messenger/skin/threadPane.css
2. chrome://messenger/skin/threadPaneExtras.css
3. chrome://messenger/skin/threadPaneLabels.css
4. chrome://messenger/skin/folderPane.css
5. chrome://messenger/skin/folderPaneExtras.css
6. chrome://messenger/skin/folderMenus.css
7. chrome://communicator/skin/tasksOverlay.css
8. chrome://charpick/content/style.css
9. chrome://messenger/skin/messageHeader.css
10. chrome://messenger/skin/messageKeywords.css
11. chrome://messenger/skin/smime/msgReadSMIMEOverlay.css
12. chrome://sqlitemanager/skin/smoverlay.css
13. chrome://inspectorwidget/skin/inspectorwidget_tb.css
14. chrome://quickmenu/skin/overlay.css
15. chrome://console2/skin/toolbar.css
16. chrome://console2/skin/toolbar.css
17. chrome://console2/content/seamonkey.css
18. chrome://dispmua/skin/dismua.css
19. chrome://replytolist/skin/replytolist.css
20. chrome://quickfolders/content/quickfolders-seamonkey.css [QuickFolderStyles]
21. chrome://quickfolders/skin/quickfolders-palettes.css [QuickFolderPalettes]
22. chrome://livehttpheaders/skin/livehttpheaders.css
23. chrome://venkman/skin/venkman-overlay.css
24. chrome://messenger/skin/smime/msgHdrViewSMIMEOverlay.css
25. chrome://mailinglistheader/skin/mailinglistheader.css
26. chrome://viewsourcewith/skin/viewsourcewith.css
27. chrome://chatzilla/skin/chatzillaOverlay.css
28. chrome://viewsourcewith/skin/viewsourcewith.css
29. chrome://launchy/skin/main.css
30. chrome://nightly/skin/browser.css
31. chrome://removedupes/skin/removedupes-button.css
32. chrome://removedupes/skin/removedupes-messenger.css
33. chrome://savedpasswordeditor/skin/overlay.css
34. chrome://savedpasswordeditor/skin/overlay-sm.css
35. chrome://inspectorwidget/skin/inspectorwidget_tb.css
36. chrome://launchy/skin/main.css
37. chrome://quickfolders/content/quickfolders-seamonkey.css
38. chrome://quickfolders/content/quickfolders-filters.css
39. chrome://elemhidehelper/skin/overlay.css
40. chrome://adblockplus/skin/overlay.css

 ----------
QuickFolders {CSS.STYLESHEETS} 4:30:35.845  [1 ms]	 
41 StyleSheets found:
0. chrome://messenger/skin/mailWindow1.css
1. chrome://messenger/skin/threadPane.css
2. chrome://messenger/skin/threadPaneExtras.css
3. chrome://messenger/skin/threadPaneLabels.css
4. chrome://messenger/skin/folderPane.css
5. chrome://messenger/skin/folderPaneExtras.css
6. chrome://messenger/skin/folderMenus.css
7. chrome://communicator/skin/tasksOverlay.css
8. chrome://charpick/content/style.css
9. chrome://messenger/skin/messageHeader.css
10. chrome://messenger/skin/messageKeywords.css
11. chrome://messenger/skin/smime/msgReadSMIMEOverlay.css
12. chrome://sqlitemanager/skin/smoverlay.css
13. chrome://inspectorwidget/skin/inspectorwidget_tb.css
14. chrome://quickmenu/skin/overlay.css
15. chrome://console2/skin/toolbar.css
16. chrome://console2/skin/toolbar.css
17. chrome://console2/content/seamonkey.css
18. chrome://dispmua/skin/dismua.css
19. chrome://replytolist/skin/replytolist.css
20. chrome://quickfolders/content/quickfolders-seamonkey.css [QuickFolderStyles]

 ----------
QuickFolders {CSS.STYLESHEETS} 4:30:35.844  [5 ms]	 
============================================
getMyStyleSheet (quickfolders-layout.css,QuickFolderStyles) [20, QuickFolderStyles] =chrome://quickfolders/content/quickfolders-seamonkey.css
win.doc.title   =Junk - Local Folders - SeaMonkey
doc.title       =Junk - Local Folders - SeaMonkey
window.location =chrome://messenger/content/messenger.xul
============================================
 ----------
QuickFolders {CSS.STYLESHEETS} 4:30:35.839  [2344 ms]	 
AppVer {2.17a1}>=4.0   => no legacy css rules loaded!
 ----------
QuickFolders:QuickFolders.init() - QuickFolders Version 3.10pre2
Running on SeaMonkey Version 2.17a1
 ----------
QuickFolders 4:30:33.495  [3 ms]	 
QuickFolders.Model.updatePalette()
Current Palette Version=1
 ----------
QuickFolders 4:30:33.492  [0 ms]	 
Current QuickFolders Version: 3.10pre2
 ----------
QuickFolders 4:30:33.492  [1 ms]	 
QuickFolders.VersionProxy() - DETECTED QuickFolders Version 3.10pre2
Running on SeaMonkey Version 2.17a1
 ----------
QuickFolders 4:30:33.491  [21 ms]	 
AddonManager: QuickFolders extension's version is 3.10pre2
 ----------
QuickFolders 4:30:33.470  [9 ms]	 
updateFolders(rebuildCategories: false, minimal: true)
 ----------
QuickFolders 4:30:33.461  [803 ms]	 
Folder Update from Timer 3...
 ----------
QuickFolders 4:30:32.658  [1 ms]	 
initDelayed ==== correct window: chrome://messenger/content/messenger.xul - - SeaMonkey
wait 2500 msec until init()...
 ----------
QuickFolders 4:30:32.657  [592 ms]	 
initDocAndWindow
QuickFolders.doc = chrome://messenger/content/messenger.xul
this.doc = chrome://messenger/content/messenger.xul
 ----------
QuickFolders 4:30:32.65  [0 ms]	 
Setting Update Timer (after timer 0 expired), new Timer: 3
 ----------
QuickFolders [logTime init]
Folder Tab Select Timer ID: 3
 ----------
Warning: ReferenceError: assignment to undeclared variable QuickMenuMCAddFolder
Source file: chrome://quickmenu/content/overlay.js
Line: 140
 ----------
Warning: ReferenceError: assignment to undeclared variable QuickMenuMCRemoveFolder
Source file: chrome://quickmenu/content/overlay.js
Line: 139
 ----------
Warning: ReferenceError: assignment to undeclared variable QuickMenuMCRemoveLastFolder
Source file: chrome://quickmenu/content/overlay.js
Line: 138
 ----------
Warning: ReferenceError: assignment to undeclared variable QuickMenuMCArrayToPref
Source file: chrome://quickmenu/content/overlay.js
Line: 137
 ----------
Warning: ReferenceError: assignment to undeclared variable QuickMenuMCPrefToArray
Source file: chrome://quickmenu/content/overlay.js
Line: 136
 ----------
Warning: ReferenceError: assignment to undeclared variable QuickMenuMCAddToFolderList
Source file: chrome://quickmenu/content/overlay.js
Line: 119
 ----------
